<?xml version="1.0" encoding="utf-8"?><testsuites><testsuite name="pytest" errors="0" failures="0" skipped="0" tests="424" time="3.544" timestamp="2023-10-05T23:42:12.685786" hostname="buildkitsandbox"><testcase classname="tests.test_misc" name="test_version" time="0.001" /><testcase classname="tests.test_misc" name="test_slushie" time="0.001" /><testcase classname="tests.test_utils.TestRetry" name="test_success" time="0.001" /><testcase classname="tests.test_utils.TestRetry" name="test_failure" time="0.002" /><testcase classname="tests.test_utils.TestRetry" name="test_success_after_failure" time="0.001" /><testcase classname="tests.test_utils.TestRetry" name="test_multiple_exceptions" time="0.002" /><testcase classname="tests.test_utils.TestRetry" name="test_exception_not_defined" time="0.001" /><testcase classname="tests.test_utils.TestLinearizeJSON" name="test_linearize_json[small]" time="0.001" /><testcase classname="tests.test_utils.TestLinearizeJSON" name="test_linearize_json[nested]" time="0.001" /><testcase classname="tests.test_utils.TestLinearizeJSON" name="test_linearize_json[list]" time="0.001" /><testcase classname="tests.test_utils.TestLinearizeJSON" name="test_linearize_json[nested_list]" time="0.001" /><testcase classname="tests.test_utils.TestLinearizeJSON" name="test_linearize_json[deep_nested]" time="0.001" /><testcase classname="tests.test_utils.TestLinearizeJSON" name="test_linearize_json[deep_nested_list]" time="0.001" /><testcase classname="tests.test_utils.TestLinearizeJSON" name="test_linearize_json[with_none]" time="0.001" /><testcase classname="tests.test_utils.TestDelinearizeJSON" name="test_delinearize_json[small]" time="0.001" /><testcase classname="tests.test_utils.TestDelinearizeJSON" name="test_delinearize_json[nested]" time="0.001" /><testcase classname="tests.test_utils.TestDelinearizeJSON" name="test_delinearize_json[list]" time="0.001" /><testcase classname="tests.test_utils.TestDelinearizeJSON" name="test_delinearize_json[nested_list]" time="0.001" /><testcase classname="tests.test_utils.TestDelinearizeJSON" name="test_delinearize_json[deep_nested]" time="0.001" /><testcase classname="tests.test_utils.TestDelinearizeJSON" name="test_delinearize_json[deep_nested_list]" time="0.001" /><testcase classname="tests.test_utils.TestDelinearizeJSON" name="test_delinearize_json[with_none]" time="0.001" /><testcase classname="tests.test_utils.TestDelinearizeJSON" name="test_delinearize_json[inserted_none]" time="0.001" /><testcase classname="tests.test_utils.TestEnumerateAllPaths" name="test_enumerate_all_paths[small]" time="0.001" /><testcase classname="tests.test_utils.TestEnumerateAllPaths" name="test_enumerate_all_paths[nested]" time="0.001" /><testcase classname="tests.test_utils.TestEnumerateAllPaths" name="test_enumerate_all_paths[nested_list]" time="0.001" /><testcase classname="tests.test_utils.TestEnumerateAllPaths" name="test_enumerate_all_paths[deep_nested_list]" time="0.001" /><testcase classname="tests.test_utils.TestMatchPartialPath" name="test_match_partial_path[nested_list]" time="0.001" /><testcase classname="tests.test_utils.TestMatchPartialPath" name="test_match_partial_path[deep_nested_list]" time="0.001" /><testcase classname="tests.test_utils.TestMatchPartialPath" name="test_match_partial_path[list_of_paths]" time="0.001" /><testcase classname="tests.test_utils.TestMatchPartialPath" name="test_match_partial_path[path_with_wildcard]" time="0.001" /><testcase classname="tests.test_utils.TestMatchPartialPath" name="test_match_partial_path[list_of_paths_with_wildcard]" time="0.001" /><testcase classname="tests.test_utils.TestHash" name="test_get_hash_data_explicit[no_args]" time="0.002" /><testcase classname="tests.test_utils.TestHash" name="test_get_hash_data_explicit[query_only]" time="0.001" /><testcase classname="tests.test_utils.TestHash" name="test_get_hash_data_explicit[query_and_version]" time="0.001" /><testcase classname="tests.test_utils.TestHash" name="test_get_ttl_hash" time="0.127" /><testcase classname="tests.test_utils.TestHash" name="test_get_fallback_hash_data" time="0.001" /><testcase classname="tests.test_utils.TestHash" name="test_get_splatnet_hashes_success" time="0.012" /><testcase classname="tests.test_utils.TestHash" name="test_get_splatnet_hashes_failure" time="0.011" /><testcase classname="tests.test_utils.TestHash" name="test_get_splatnet_hashes_success_empty" time="0.011" /><testcase classname="tests.test_utils.TestHash" name="test_get_splatnet_version_success" time="0.010" /><testcase classname="tests.test_utils.TestHash" name="test_get_splatnet_version_failure" time="0.011" /><testcase classname="tests.test_utils.TestHash" name="test_get_splatnet_version_success_empty" time="0.011" /><testcase classname="tests.auth.test_environment_manager.TestEnvironmentVariablesManager" name="test_init" time="0.001" /><testcase classname="tests.auth.test_environment_manager.TestEnvironmentVariablesManager" name="test_token_to_variable" time="0.001" /><testcase classname="tests.auth.test_environment_manager.TestEnvironmentVariablesManager" name="test_variable_to_token" time="0.001" /><testcase classname="tests.auth.test_environment_manager.TestEnvironmentVariablesManager" name="test_add_token" time="0.001" /><testcase classname="tests.auth.test_environment_manager.TestEnvironmentVariablesManager" name="test_remove_token" time="0.001" /><testcase classname="tests.auth.test_environment_manager.TestEnvironmentVariablesManager" name="test_get" time="0.002" /><testcase classname="tests.auth.test_environment_manager.TestEnvironmentVariablesManager" name="test_get_all[no_extra_token-no_bullet_token-no_gtoken-no_session_token]" time="0.001" /><testcase classname="tests.auth.test_environment_manager.TestEnvironmentVariablesManager" name="test_get_all[no_extra_token-no_bullet_token-no_gtoken-session_token]" time="0.001" /><testcase classname="tests.auth.test_environment_manager.TestEnvironmentVariablesManager" name="test_get_all[no_extra_token-no_bullet_token-gtoken-no_session_token]" time="0.001" /><testcase classname="tests.auth.test_environment_manager.TestEnvironmentVariablesManager" name="test_get_all[no_extra_token-no_bullet_token-gtoken-session_token]" time="0.001" /><testcase classname="tests.auth.test_environment_manager.TestEnvironmentVariablesManager" name="test_get_all[no_extra_token-bullet_token-no_gtoken-no_session_token]" time="0.001" /><testcase classname="tests.auth.test_environment_manager.TestEnvironmentVariablesManager" name="test_get_all[no_extra_token-bullet_token-no_gtoken-session_token]" time="0.001" /><testcase classname="tests.auth.test_environment_manager.TestEnvironmentVariablesManager" name="test_get_all[no_extra_token-bullet_token-gtoken-no_session_token]" time="0.001" /><testcase classname="tests.auth.test_environment_manager.TestEnvironmentVariablesManager" name="test_get_all[no_extra_token-bullet_token-gtoken-session_token]" time="0.001" /><testcase classname="tests.auth.test_environment_manager.TestEnvironmentVariablesManager" name="test_get_all[extra_token-no_bullet_token-no_gtoken-no_session_token]" time="0.001" /><testcase classname="tests.auth.test_environment_manager.TestEnvironmentVariablesManager" name="test_get_all[extra_token-no_bullet_token-no_gtoken-session_token]" time="0.001" /><testcase classname="tests.auth.test_environment_manager.TestEnvironmentVariablesManager" name="test_get_all[extra_token-no_bullet_token-gtoken-no_session_token]" time="0.001" /><testcase classname="tests.auth.test_environment_manager.TestEnvironmentVariablesManager" name="test_get_all[extra_token-no_bullet_token-gtoken-session_token]" time="0.001" /><testcase classname="tests.auth.test_environment_manager.TestEnvironmentVariablesManager" name="test_get_all[extra_token-bullet_token-no_gtoken-no_session_token]" time="0.001" /><testcase classname="tests.auth.test_environment_manager.TestEnvironmentVariablesManager" name="test_get_all[extra_token-bullet_token-no_gtoken-session_token]" time="0.001" /><testcase classname="tests.auth.test_environment_manager.TestEnvironmentVariablesManager" name="test_get_all[extra_token-bullet_token-gtoken-no_session_token]" time="0.001" /><testcase classname="tests.auth.test_environment_manager.TestEnvironmentVariablesManager" name="test_get_all[extra_token-bullet_token-gtoken-session_token]" time="0.001" /><testcase classname="tests.auth.test_graphql_queries.TestGraphQLQueries" name="test_init" time="0.001" /><testcase classname="tests.auth.test_graphql_queries.TestGraphQLQueries" name="test_query_header" time="0.001" /><testcase classname="tests.auth.test_graphql_queries.TestGraphQLQueries" name="test_query_body_hash" time="0.001" /><testcase classname="tests.auth.test_graphql_queries.TestGraphQLQueries" name="test_query_body" time="0.002" /><testcase classname="tests.auth.test_graphql_queries.TestGraphQLQueries" name="test_query_hash" time="0.002" /><testcase classname="tests.auth.test_graphql_queries.TestGraphQLQueries" name="test_query" time="0.002" /><testcase classname="tests.auth.test_nso.TestNSO" name="test_new_instance" time="0.001" /><testcase classname="tests.auth.test_nso.TestNSO" name="test_generate_version" time="0.001" /><testcase classname="tests.auth.test_nso.TestNSO" name="test_version_property" time="0.001" /><testcase classname="tests.auth.test_nso.TestNSO" name="test_generate_new_state" time="0.001" /><testcase classname="tests.auth.test_nso.TestNSO" name="test_state_property" time="0.001" /><testcase classname="tests.auth.test_nso.TestNSO" name="test_generate_new_verifier" time="0.001" /><testcase classname="tests.auth.test_nso.TestNSO" name="test_verifier_property" time="0.001" /><testcase classname="tests.auth.test_nso.TestNSO" name="test_session_token" time="0.001" /><testcase classname="tests.auth.test_nso.TestNSO" name="test_login_url" time="0.001" /><testcase classname="tests.auth.test_nso.TestNSO" name="test_get_session_token" time="0.001" /><testcase classname="tests.auth.test_nso.TestNSO" name="test_get_user_access_token" time="0.001" /><testcase classname="tests.auth.test_nso.TestNSO" name="test_user_info" time="0.001" /><testcase classname="tests.auth.test_nso.TestNSO" name="test_get_ftoken[step1_coral]" time="0.125" /><testcase classname="tests.auth.test_nso.TestNSO" name="test_get_ftoken[step1]" time="0.132" /><testcase classname="tests.auth.test_nso.TestNSO" name="test_get_ftoken[step2_coral]" time="0.137" /><testcase classname="tests.auth.test_nso.TestNSO" name="test_get_ftoken[step2]" time="0.164" /><testcase classname="tests.auth.test_nso.TestNSO" name="test_get_web_service_access_token" time="0.001" /><testcase classname="tests.auth.test_nso.TestNSO" name="test_g_token_generation_phase_1" time="0.002" /><testcase classname="tests.auth.test_nso.TestNSO" name="test_g_token_generation_phase_2" time="0.002" /><testcase classname="tests.auth.test_nso.TestNSO" name="test_get_gtoken[url_provided]" time="0.003" /><testcase classname="tests.auth.test_nso.TestNSO" name="test_get_gtoken[url_not_provided]" time="0.003" /><testcase classname="tests.auth.test_nso.TestNSO" name="test_get_bullet_token" time="0.001" /><testcase classname="tests.auth.test_nso.TestNSO" name="test_set_new_f_token_function" time="0.001" /><testcase classname="tests.auth.test_token_manager.TestToken" name="test_new_token" time="0.009" /><testcase classname="tests.auth.test_token_manager.TestToken" name="test_properties" time="0.009" /><testcase classname="tests.auth.test_token_manager.TestToken" name="test_repr" time="0.009" /><testcase classname="tests.auth.test_token_manager.TestTokenManager" name="test_init" time="0.001" /><testcase classname="tests.auth.test_token_manager.TestTokenManager" name="test_add_token" time="0.034" /><testcase classname="tests.auth.test_token_manager.TestTokenManager" name="test_get" time="0.001" /><testcase classname="tests.auth.test_token_manager.TestTokenManager" name="test_data" time="0.001" /><testcase classname="tests.auth.test_token_manager.TestTokenManager" name="test_add_session_token" time="0.001" /><testcase classname="tests.auth.test_token_manager.TestTokenManager" name="test_get_gtoken[single url, no fail]" time="0.001" /><testcase classname="tests.auth.test_token_manager.TestTokenManager" name="test_get_gtoken[single item list, no fail]" time="0.001" /><testcase classname="tests.auth.test_token_manager.TestTokenManager" name="test_get_gtoken[multi item list, no fail]" time="0.001" /><testcase classname="tests.auth.test_token_manager.TestTokenManager" name="test_get_gtoken[multi item list, fail first by index]" time="0.001" /><testcase classname="tests.auth.test_token_manager.TestTokenManager" name="test_get_gtoken[multi item list, fail all by index]" time="0.001" /><testcase classname="tests.auth.test_token_manager.TestTokenManager" name="test_get_gtoken[multi item list, fail all]" time="0.001" /><testcase classname="tests.auth.test_token_manager.TestTokenManager" name="test_generate_gtoken" time="0.001" /><testcase classname="tests.auth.test_token_manager.TestTokenManager" name="test_generate_bullet_token" time="0.001" /><testcase classname="tests.auth.test_token_manager.TestTokenManager" name="test_generate_all_tokens" time="0.001" /><testcase classname="tests.auth.test_token_manager.TestTokenManager" name="test_from_session_token" time="0.001" /><testcase classname="tests.auth.test_token_manager.TestTokenManager" name="test_from_tokens[no_f_token_url-no_bullet_token-no_gtoken]" time="0.002" /><testcase classname="tests.auth.test_token_manager.TestTokenManager" name="test_from_tokens[no_f_token_url-no_bullet_token-gtoken]" time="0.005" /><testcase classname="tests.auth.test_token_manager.TestTokenManager" name="test_from_tokens[no_f_token_url-bullet_token-no_gtoken]" time="0.002" /><testcase classname="tests.auth.test_token_manager.TestTokenManager" name="test_from_tokens[no_f_token_url-bullet_token-gtoken]" time="0.002" /><testcase classname="tests.auth.test_token_manager.TestTokenManager" name="test_from_tokens[f_token_url-no_bullet_token-no_gtoken]" time="0.002" /><testcase classname="tests.auth.test_token_manager.TestTokenManager" name="test_from_tokens[f_token_url-no_bullet_token-gtoken]" time="0.002" /><testcase classname="tests.auth.test_token_manager.TestTokenManager" name="test_from_tokens[f_token_url-bullet_token-no_gtoken]" time="0.002" /><testcase classname="tests.auth.test_token_manager.TestTokenManager" name="test_from_tokens[f_token_url-bullet_token-gtoken]" time="0.002" /><testcase classname="tests.auth.test_token_manager.TestTokenManager" name="test_from_config_file" time="0.003" /><testcase classname="tests.auth.test_token_manager.TestTokenManager" name="test_from_text_file" time="0.018" /><testcase classname="tests.auth.test_token_manager.TestTokenManager" name="test_from_env[custom_manager-no_extra_token-no_bullet_token-no_gtoken-no_session_token]" time="0.001" /><testcase classname="tests.auth.test_token_manager.TestTokenManager" name="test_from_env[custom_manager-no_extra_token-no_bullet_token-no_gtoken-session_token]" time="0.001" /><testcase classname="tests.auth.test_token_manager.TestTokenManager" name="test_from_env[custom_manager-no_extra_token-no_bullet_token-gtoken-no_session_token]" time="0.001" /><testcase classname="tests.auth.test_token_manager.TestTokenManager" name="test_from_env[custom_manager-no_extra_token-no_bullet_token-gtoken-session_token]" time="0.001" /><testcase classname="tests.auth.test_token_manager.TestTokenManager" name="test_from_env[custom_manager-no_extra_token-bullet_token-no_gtoken-no_session_token]" time="0.001" /><testcase classname="tests.auth.test_token_manager.TestTokenManager" name="test_from_env[custom_manager-no_extra_token-bullet_token-no_gtoken-session_token]" time="0.001" /><testcase classname="tests.auth.test_token_manager.TestTokenManager" name="test_from_env[custom_manager-no_extra_token-bullet_token-gtoken-no_session_token]" time="0.001" /><testcase classname="tests.auth.test_token_manager.TestTokenManager" name="test_from_env[custom_manager-no_extra_token-bullet_token-gtoken-session_token]" time="0.001" /><testcase classname="tests.auth.test_token_manager.TestTokenManager" name="test_from_env[custom_manager-extra_token-no_bullet_token-no_gtoken-no_session_token]" time="0.001" /><testcase classname="tests.auth.test_token_manager.TestTokenManager" name="test_from_env[custom_manager-extra_token-no_bullet_token-no_gtoken-session_token]" time="0.002" /><testcase classname="tests.auth.test_token_manager.TestTokenManager" name="test_from_env[custom_manager-extra_token-no_bullet_token-gtoken-no_session_token]" time="0.001" /><testcase classname="tests.auth.test_token_manager.TestTokenManager" name="test_from_env[custom_manager-extra_token-no_bullet_token-gtoken-session_token]" time="0.002" /><testcase classname="tests.auth.test_token_manager.TestTokenManager" name="test_from_env[custom_manager-extra_token-bullet_token-no_gtoken-no_session_token]" time="0.001" /><testcase classname="tests.auth.test_token_manager.TestTokenManager" name="test_from_env[custom_manager-extra_token-bullet_token-no_gtoken-session_token]" time="0.001" /><testcase classname="tests.auth.test_token_manager.TestTokenManager" name="test_from_env[custom_manager-extra_token-bullet_token-gtoken-no_session_token]" time="0.001" /><testcase classname="tests.auth.test_token_manager.TestTokenManager" name="test_from_env[custom_manager-extra_token-bullet_token-gtoken-session_token]" time="0.001" /><testcase classname="tests.auth.test_token_manager.TestTokenManager" name="test_from_env[default_manager-no_extra_token-no_bullet_token-no_gtoken-no_session_token]" time="0.001" /><testcase classname="tests.auth.test_token_manager.TestTokenManager" name="test_from_env[default_manager-no_extra_token-no_bullet_token-no_gtoken-session_token]" time="0.001" /><testcase classname="tests.auth.test_token_manager.TestTokenManager" name="test_from_env[default_manager-no_extra_token-no_bullet_token-gtoken-no_session_token]" time="0.001" /><testcase classname="tests.auth.test_token_manager.TestTokenManager" name="test_from_env[default_manager-no_extra_token-no_bullet_token-gtoken-session_token]" time="0.001" /><testcase classname="tests.auth.test_token_manager.TestTokenManager" name="test_from_env[default_manager-no_extra_token-bullet_token-no_gtoken-no_session_token]" time="0.001" /><testcase classname="tests.auth.test_token_manager.TestTokenManager" name="test_from_env[default_manager-no_extra_token-bullet_token-no_gtoken-session_token]" time="0.001" /><testcase classname="tests.auth.test_token_manager.TestTokenManager" name="test_from_env[default_manager-no_extra_token-bullet_token-gtoken-no_session_token]" time="0.001" /><testcase classname="tests.auth.test_token_manager.TestTokenManager" name="test_from_env[default_manager-no_extra_token-bullet_token-gtoken-session_token]" time="0.001" /><testcase classname="tests.auth.test_token_manager.TestTokenManager" name="test_from_env[default_manager-extra_token-no_bullet_token-no_gtoken-no_session_token]" time="0.001" /><testcase classname="tests.auth.test_token_manager.TestTokenManager" name="test_from_env[default_manager-extra_token-no_bullet_token-no_gtoken-session_token]" time="0.001" /><testcase classname="tests.auth.test_token_manager.TestTokenManager" name="test_from_env[default_manager-extra_token-no_bullet_token-gtoken-no_session_token]" time="0.001" /><testcase classname="tests.auth.test_token_manager.TestTokenManager" name="test_from_env[default_manager-extra_token-no_bullet_token-gtoken-session_token]" time="0.002" /><testcase classname="tests.auth.test_token_manager.TestTokenManager" name="test_from_env[default_manager-extra_token-bullet_token-no_gtoken-no_session_token]" time="0.001" /><testcase classname="tests.auth.test_token_manager.TestTokenManager" name="test_from_env[default_manager-extra_token-bullet_token-no_gtoken-session_token]" time="0.001" /><testcase classname="tests.auth.test_token_manager.TestTokenManager" name="test_from_env[default_manager-extra_token-bullet_token-gtoken-no_session_token]" time="0.001" /><testcase classname="tests.auth.test_token_manager.TestTokenManager" name="test_from_env[default_manager-extra_token-bullet_token-gtoken-session_token]" time="0.002" /><testcase classname="tests.auth.test_token_manager.TestTokenManager" name="test_load" time="0.002" /><testcase classname="tests.auth.test_token_manager.TestTokenManager" name="test_save" time="0.008" /><testcase classname="tests.auth.test_token_manager.TestTokenManager" name="test_token_is_valid" time="0.001" /><testcase classname="tests.auth.test_token_manager.TestTokenManager" name="test_test_tokens" time="0.103" /><testcase classname="tests.auth.test_token_manager.TestTokenManager" name="test_export_tokens" time="0.001" /><testcase classname="tests.query.test_config.TestConfig" name="test_init" time="0.003" /><testcase classname="tests.query.test_config.TestConfig" name="test_generate_token_manager" time="0.017" /><testcase classname="tests.query.test_config.TestConfig" name="test_initialize_options[has_config-env]" time="0.001" /><testcase classname="tests.query.test_config.TestConfig" name="test_initialize_options[has_config-config]" time="0.001" /><testcase classname="tests.query.test_config.TestConfig" name="test_initialize_options[has_config-test_origin]" time="0.001" /><testcase classname="tests.query.test_config.TestConfig" name="test_initialize_options[no_config-env]" time="0.001" /><testcase classname="tests.query.test_config.TestConfig" name="test_initialize_options[no_config-config]" time="0.001" /><testcase classname="tests.query.test_config.TestConfig" name="test_initialize_options[no_config-test_origin]" time="0.001" /><testcase classname="tests.query.test_config.TestConfig" name="test_from_env" time="0.002" /><testcase classname="tests.query.test_config.TestConfig" name="test_save" time="0.015" /><testcase classname="tests.query.test_config.TestConfig" name="test_manage_options" time="0.001" /><testcase classname="tests.query.test_config.TestConfig" name="test_get" time="0.001" /><testcase classname="tests.query.test_config.TestConfig" name="test_get_data_fed_data" time="0.001" /><testcase classname="tests.query.test_config.TestConfig" name="test_get_data_defaults" time="0.001" /><testcase classname="tests.query.test_config.TestConfig" name="test_add_accepted_options" time="0.001" /><testcase classname="tests.query.test_config.TestConfig" name="test_add_deprecated_options" time="0.001" /><testcase classname="tests.query.test_config.TestConfig" name="test_add_default_options" time="0.001" /><testcase classname="tests.query.test_config.TestConfig" name="test_remove_accepted_options" time="0.001" /><testcase classname="tests.query.test_config.TestConfig" name="test_remove_deprecated_options" time="0.001" /><testcase classname="tests.query.test_config.TestConfig" name="test_remove_default_options" time="0.001" /><testcase classname="tests.query.test_json_parser.TestLinearJSON" name="test_init" time="0.002" /><testcase classname="tests.query.test_json_parser.TestLinearJSON" name="test_from_json" time="0.001" /><testcase classname="tests.query.test_json_parser.TestLinearJSON" name="test_delinearize" time="0.001" /><testcase classname="tests.query.test_json_parser.TestLinearJSON" name="test_eq" time="0.001" /><testcase classname="tests.query.test_json_parser.TestLinearJSON" name="test__validate" time="0.002" /><testcase classname="tests.query.test_json_parser.TestLinearJSON" name="test_standardize_new_header" time="0.001" /><testcase classname="tests.query.test_json_parser.TestLinearJSON" name="test_merge_headers" time="0.001" /><testcase classname="tests.query.test_json_parser.TestLinearJSON" name="test_append" time="0.001" /><testcase classname="tests.query.test_json_parser.TestLinearJSON" name="test_transpose" time="0.001" /><testcase classname="tests.query.test_json_parser.TestLinearJSON" name="test_stringify" time="0.001" /><testcase classname="tests.query.test_json_parser.TestLinearJSON" name="test_remove_columns" time="0.001" /><testcase classname="tests.query.test_json_parser.TestLinearJSON" name="test_remove_url_columns" time="0.025" /><testcase classname="tests.query.test_json_parser.TestJSONParser" name="test_init" time="0.001" /><testcase classname="tests.query.test_json_parser.TestJSONParser" name="test_len" time="0.001" /><testcase classname="tests.query.test_json_parser.TestJSONParser" name="test_eq" time="0.001" /><testcase classname="tests.query.test_json_parser.TestJSONParser" name="test_repr" time="0.001" /><testcase classname="tests.query.test_json_parser.TestJSONParser" name="test_to_linear_json" time="0.001" /><testcase classname="tests.query.test_json_parser.TestJSONParser" name="test_remove_columns" time="0.001" /><testcase classname="tests.query.test_json_parser.TestJSONParser" name="test_remove_url_columns" time="0.001" /><testcase classname="tests.query.test_json_parser.TestJSONParser" name="test_to_csv" time="0.006" /><testcase classname="tests.query.test_json_parser.TestJSONParser" name="test_to_json" time="0.011" /><testcase classname="tests.query.test_json_parser.TestJSONParser" name="test_to_gzipped_json" time="0.006" /><testcase classname="tests.query.test_json_parser.TestJSONParser" name="test_to_parquet" time="0.025" /><testcase classname="tests.query.test_json_parser.TestJSONParser" name="test_from_csv" time="0.001" /><testcase classname="tests.query.test_json_parser.TestJSONParser" name="test_automatic_type_conversion" time="0.001" /><testcase classname="tests.query.test_json_parser.TestJSONParser" name="test_from_json" time="0.006" /><testcase classname="tests.query.test_json_parser.TestJSONParser" name="test_from_gzipped_json" time="0.005" /><testcase classname="tests.query.test_query_response.TestQueryResponse" name="test_init_metadata[NQ-NT-NV]" time="0.001" /><testcase classname="tests.query.test_query_response.TestQueryResponse" name="test_init_metadata[NQ-NT-V]" time="0.001" /><testcase classname="tests.query.test_query_response.TestQueryResponse" name="test_init_metadata[NQ-T-NV]" time="0.001" /><testcase classname="tests.query.test_query_response.TestQueryResponse" name="test_init_metadata[NQ-T-V]" time="0.001" /><testcase classname="tests.query.test_query_response.TestQueryResponse" name="test_init_metadata[Q-NT-NV]" time="0.001" /><testcase classname="tests.query.test_query_response.TestQueryResponse" name="test_init_metadata[Q-NT-V]" time="0.001" /><testcase classname="tests.query.test_query_response.TestQueryResponse" name="test_init_metadata[Q-T-NV]" time="0.001" /><testcase classname="tests.query.test_query_response.TestQueryResponse" name="test_init_metadata[Q-T-V]" time="0.001" /><testcase classname="tests.query.test_query_response.TestQueryResponse" name="test_parse_json" time="0.001" /><testcase classname="tests.query.test_query_response.TestQueryResponse" name="test_repr[MF-NT-NQ]" time="0.001" /><testcase classname="tests.query.test_query_response.TestQueryResponse" name="test_repr[MF-NT-Q]" time="0.001" /><testcase classname="tests.query.test_query_response.TestQueryResponse" name="test_repr[MF-NT-LQ]" time="0.001" /><testcase classname="tests.query.test_query_response.TestQueryResponse" name="test_repr[MF-T-NQ]" time="0.001" /><testcase classname="tests.query.test_query_response.TestQueryResponse" name="test_repr[MF-T-Q]" time="0.001" /><testcase classname="tests.query.test_query_response.TestQueryResponse" name="test_repr[MF-T-LQ]" time="0.001" /><testcase classname="tests.query.test_query_response.TestQueryResponse" name="test_repr[NF-NT-NQ]" time="0.001" /><testcase classname="tests.query.test_query_response.TestQueryResponse" name="test_repr[NF-NT-Q]" time="0.001" /><testcase classname="tests.query.test_query_response.TestQueryResponse" name="test_repr[NF-NT-LQ]" time="0.001" /><testcase classname="tests.query.test_query_response.TestQueryResponse" name="test_repr[NF-T-NQ]" time="0.001" /><testcase classname="tests.query.test_query_response.TestQueryResponse" name="test_repr[NF-T-Q]" time="0.001" /><testcase classname="tests.query.test_query_response.TestQueryResponse" name="test_repr[NF-T-LQ]" time="0.001" /><testcase classname="tests.query.test_query_response.TestQueryResponse" name="test_eq[ND-NM2-NM1]" time="0.001" /><testcase classname="tests.query.test_query_response.TestQueryResponse" name="test_eq[ND-NM2-M1]" time="0.001" /><testcase classname="tests.query.test_query_response.TestQueryResponse" name="test_eq[ND-M2-NM1]" time="0.001" /><testcase classname="tests.query.test_query_response.TestQueryResponse" name="test_eq[ND-M2-M1]" time="0.001" /><testcase classname="tests.query.test_query_response.TestQueryResponse" name="test_eq[D-NM2-NM1]" time="0.001" /><testcase classname="tests.query.test_query_response.TestQueryResponse" name="test_eq[D-NM2-M1]" time="0.001" /><testcase classname="tests.query.test_query_response.TestQueryResponse" name="test_eq[D-M2-NM1]" time="0.001" /><testcase classname="tests.query.test_query_response.TestQueryResponse" name="test_eq[D-M2-M1]" time="0.001" /><testcase classname="tests.query.test_query_response.TestQueryResponse" name="test_getitem" time="0.001" /><testcase classname="tests.query.test_query_response.TestQueryResponse" name="test_keys[D]" time="0.001" /><testcase classname="tests.query.test_query_response.TestQueryResponse" name="test_keys[L]" time="0.001" /><testcase classname="tests.query.test_query_response.TestQueryResponse" name="test_values" time="0.001" /><testcase classname="tests.query.test_query_response.TestQueryResponse" name="test_items" time="0.001" /><testcase classname="tests.query.test_query_response.TestQueryResponse" name="test_iter" time="0.001" /><testcase classname="tests.query.test_query_response.TestQueryResponse" name="test_show" time="0.002" /><testcase classname="tests.query.test_query_response.TestQueryResponse" name="test_get" time="0.001" /><testcase classname="tests.query.test_query_response.TestQueryResponse" name="test_match_partial_path[nested_list]" time="0.001" /><testcase classname="tests.query.test_query_response.TestQueryResponse" name="test_match_partial_path[deep_nested_list]" time="0.001" /><testcase classname="tests.query.test_query_response.TestQueryResponse" name="test_match_partial_path[list_of_paths]" time="0.001" /><testcase classname="tests.query.test_query_response.TestQueryResponse" name="test_match_partial_path_args" time="0.001" /><testcase classname="tests.query.test_query_response.TestQueryResponse" name="test_match_partial_path_error" time="0.001" /><testcase classname="tests.query.test_query_response.TestQueryResponse" name="test_apply[nested_list]" time="0.001" /><testcase classname="tests.query.test_query_response.TestQueryResponse" name="test_apply[nested_list_partial_false]" time="0.001" /><testcase classname="tests.query.test_query_response.TestQueryResponse" name="test_apply[deep_nested_list]" time="0.001" /><testcase classname="tests.query.test_query_response.TestQueryResponse" name="test_apply[list_of_paths]" time="0.001" /><testcase classname="tests.query.test_query_response.TestQueryResponse" name="test_apply[list_of_paths_partial_false]" time="0.001" /><testcase classname="tests.query.test_query_response.TestQueryResponse" name="test_apply_reduce[nested_list]" time="0.001" /><testcase classname="tests.query.test_query_response.TestQueryResponse" name="test_apply_reduce[nested_list_single_apply_result]" time="0.001" /><testcase classname="tests.query.test_query_response.TestQueryResponse" name="test_apply_reduce[deep_nested_list]" time="0.001" /><testcase classname="tests.query.test_query_response.TestQueryResponse" name="test_apply_reduce[list_of_paths]" time="0.002" /><testcase classname="tests.query.test_query_response.TestQueryResponse" name="test_apply_reduce[list_of_paths_partial_false]" time="0.002" /><testcase classname="tests.query.test_query_response.TestQueryResponse" name="test_get_partial_path[nested_list]" time="0.001" /><testcase classname="tests.query.test_query_response.TestQueryResponse" name="test_get_partial_path[nested_list_single_value]" time="0.001" /><testcase classname="tests.query.test_query_response.TestQueryResponse" name="test_get_partial_path[deep_nested_list]" time="0.001" /><testcase classname="tests.query.test_query_response.TestQueryResponse" name="test_get_partial_path[list_of_paths]" time="0.001" /><testcase classname="tests.query.test_query_response.TestQueryResponse" name="test_get_partial_path[list_of_paths_from_root]" time="0.003" /><testcase classname="tests.query.test_query_response.TestQueryResponse" name="test_get_partial_path[list_of_paths_no_kwarg]" time="0.001" /><testcase classname="tests.query.test_query_response.TestQueryResponse" name="test_get_partial_path[list_of_paths_unpack]" time="0.001" /><testcase classname="tests.query.test_query_response.TestQueryResponse" name="test_get_partial_path[list_of_paths_unpack_false]" time="0.001" /><testcase classname="tests.query.test_query_response.TestQueryResponse" name="test_to_json" time="0.006" /><testcase classname="tests.query.test_query_response.TestQueryResponse" name="test_to_gzipped_json" time="0.006" /><testcase classname="tests.query.test_queryhandler.TestSplatNetQueryHandler" name="test_from_config_file" time="0.002" /><testcase classname="tests.query.test_queryhandler.TestSplatNetQueryHandler" name="test_generate_session_token_url" time="0.001" /><testcase classname="tests.query.test_queryhandler.TestSplatNetQueryHandler" name="test_from_session_token" time="0.002" /><testcase classname="tests.query.test_queryhandler.TestSplatNetQueryHandler" name="test_from_tokens" time="0.001" /><testcase classname="tests.query.test_queryhandler.TestSplatNetQueryHandler" name="test_from_env" time="0.001" /><testcase classname="tests.query.test_queryhandler.TestSplatNetQueryHandler" name="test_query" time="0.003" /><testcase classname="tests.query.test_queryhandler.TestSplatNetQueryHandler" name="test_query_hash" time="0.003" /><testcase classname="tests.query.test_queryhandler.TestSplatNetQueryHandler" name="test_export_tokens" time="0.002" /><testcase classname="tests.scraper.test_main.TestSplatNetScraper" name="test_init" time="0.002" /><testcase classname="tests.scraper.test_main.TestSplatNetScraper" name="test_handler_property" time="0.003" /><testcase classname="tests.scraper.test_main.TestSplatNetScraper" name="test_from_methods[from_session_token]" time="0.001" /><testcase classname="tests.scraper.test_main.TestSplatNetScraper" name="test_from_methods[from_config]" time="0.001" /><testcase classname="tests.scraper.test_main.TestSplatNetScraper" name="test_from_methods[from_env]" time="0.001" /><testcase classname="tests.scraper.test_main.TestSplatNetScraper" name="test_from_methods[from_s3s_config]" time="0.001" /><testcase classname="tests.scraper.test_main.TestSplatNetScraper" name="test_from_methods[from_tokens]" time="0.001" /><testcase classname="tests.scraper.test_main.TestSplatNetScraper" name="test_query" time="0.001" /><testcase classname="tests.scraper.test_main.TestSplatNetScraper" name="test_detailed_vs_or_coop_query[coop]" time="0.001" /><testcase classname="tests.scraper.test_main.TestSplatNetScraper" name="test_detailed_vs_or_coop_query[vs]" time="0.002" /><testcase classname="tests.scraper.test_main.TestSplatNetScraper" name="test_detailed_vs_or_coop_query[valid query, not vs or coop]" time="0.001" /><testcase classname="tests.scraper.test_main.TestSplatNetScraper" name="test_detailed_vs_or_coop_query[invalid query]" time="0.001" /><testcase classname="tests.scraper.test_main.TestSplatNetScraper" name="test_detailed_vs_or_coop_limit[No progress callback-No limit-list of ids-2-5 groups, 5-10 per group-coop]" time="0.002" /><testcase classname="tests.scraper.test_main.TestSplatNetScraper" name="test_detailed_vs_or_coop_limit[No progress callback-No limit-list of ids-2-5 groups, 5-10 per group-vs]" time="0.002" /><testcase classname="tests.scraper.test_main.TestSplatNetScraper" name="test_detailed_vs_or_coop_limit[No progress callback-No limit-list of ids-3-8 groups, 10-20 per group-coop]" time="0.003" /><testcase classname="tests.scraper.test_main.TestSplatNetScraper" name="test_detailed_vs_or_coop_limit[No progress callback-No limit-list of ids-3-8 groups, 10-20 per group-vs]" time="0.003" /><testcase classname="tests.scraper.test_main.TestSplatNetScraper" name="test_detailed_vs_or_coop_limit[No progress callback-No limit-list of ids-11-13 groups, 30-50 per group-coop]" time="0.007" /><testcase classname="tests.scraper.test_main.TestSplatNetScraper" name="test_detailed_vs_or_coop_limit[No progress callback-No limit-list of ids-11-13 groups, 30-50 per group-vs]" time="0.007" /><testcase classname="tests.scraper.test_main.TestSplatNetScraper" name="test_detailed_vs_or_coop_limit[No progress callback-No limit-string-2-5 groups, 5-10 per group-coop]" time="0.002" /><testcase classname="tests.scraper.test_main.TestSplatNetScraper" name="test_detailed_vs_or_coop_limit[No progress callback-No limit-string-2-5 groups, 5-10 per group-vs]" time="0.002" /><testcase classname="tests.scraper.test_main.TestSplatNetScraper" name="test_detailed_vs_or_coop_limit[No progress callback-No limit-string-3-8 groups, 10-20 per group-coop]" time="0.002" /><testcase classname="tests.scraper.test_main.TestSplatNetScraper" name="test_detailed_vs_or_coop_limit[No progress callback-No limit-string-3-8 groups, 10-20 per group-vs]" time="0.002" /><testcase classname="tests.scraper.test_main.TestSplatNetScraper" name="test_detailed_vs_or_coop_limit[No progress callback-No limit-string-11-13 groups, 30-50 per group-coop]" time="0.003" /><testcase classname="tests.scraper.test_main.TestSplatNetScraper" name="test_detailed_vs_or_coop_limit[No progress callback-No limit-string-11-13 groups, 30-50 per group-vs]" time="0.003" /><testcase classname="tests.scraper.test_main.TestSplatNetScraper" name="test_detailed_vs_or_coop_limit[No progress callback-No limit-None-2-5 groups, 5-10 per group-coop]" time="0.002" /><testcase classname="tests.scraper.test_main.TestSplatNetScraper" name="test_detailed_vs_or_coop_limit[No progress callback-No limit-None-2-5 groups, 5-10 per group-vs]" time="0.002" /><testcase classname="tests.scraper.test_main.TestSplatNetScraper" name="test_detailed_vs_or_coop_limit[No progress callback-No limit-None-3-8 groups, 10-20 per group-coop]" time="0.003" /><testcase classname="tests.scraper.test_main.TestSplatNetScraper" name="test_detailed_vs_or_coop_limit[No progress callback-No limit-None-3-8 groups, 10-20 per group-vs]" time="0.003" /><testcase classname="tests.scraper.test_main.TestSplatNetScraper" name="test_detailed_vs_or_coop_limit[No progress callback-No limit-None-11-13 groups, 30-50 per group-coop]" time="0.007" /><testcase classname="tests.scraper.test_main.TestSplatNetScraper" name="test_detailed_vs_or_coop_limit[No progress callback-No limit-None-11-13 groups, 30-50 per group-vs]" time="0.007" /><testcase classname="tests.scraper.test_main.TestSplatNetScraper" name="test_detailed_vs_or_coop_limit[No progress callback-Random limit-list of ids-2-5 groups, 5-10 per group-coop]" time="0.002" /><testcase classname="tests.scraper.test_main.TestSplatNetScraper" name="test_detailed_vs_or_coop_limit[No progress callback-Random limit-list of ids-2-5 groups, 5-10 per group-vs]" time="0.002" /><testcase classname="tests.scraper.test_main.TestSplatNetScraper" name="test_detailed_vs_or_coop_limit[No progress callback-Random limit-list of ids-3-8 groups, 10-20 per group-coop]" time="0.003" /><testcase classname="tests.scraper.test_main.TestSplatNetScraper" name="test_detailed_vs_or_coop_limit[No progress callback-Random limit-list of ids-3-8 groups, 10-20 per group-vs]" time="0.002" /><testcase classname="tests.scraper.test_main.TestSplatNetScraper" name="test_detailed_vs_or_coop_limit[No progress callback-Random limit-list of ids-11-13 groups, 30-50 per group-coop]" time="0.003" /><testcase classname="tests.scraper.test_main.TestSplatNetScraper" name="test_detailed_vs_or_coop_limit[No progress callback-Random limit-list of ids-11-13 groups, 30-50 per group-vs]" time="0.002" /><testcase classname="tests.scraper.test_main.TestSplatNetScraper" name="test_detailed_vs_or_coop_limit[No progress callback-Random limit-string-2-5 groups, 5-10 per group-coop]" time="0.002" /><testcase classname="tests.scraper.test_main.TestSplatNetScraper" name="test_detailed_vs_or_coop_limit[No progress callback-Random limit-string-2-5 groups, 5-10 per group-vs]" time="0.002" /><testcase classname="tests.scraper.test_main.TestSplatNetScraper" name="test_detailed_vs_or_coop_limit[No progress callback-Random limit-string-3-8 groups, 10-20 per group-coop]" time="0.002" /><testcase classname="tests.scraper.test_main.TestSplatNetScraper" name="test_detailed_vs_or_coop_limit[No progress callback-Random limit-string-3-8 groups, 10-20 per group-vs]" time="0.002" /><testcase classname="tests.scraper.test_main.TestSplatNetScraper" name="test_detailed_vs_or_coop_limit[No progress callback-Random limit-string-11-13 groups, 30-50 per group-coop]" time="0.002" /><testcase classname="tests.scraper.test_main.TestSplatNetScraper" name="test_detailed_vs_or_coop_limit[No progress callback-Random limit-string-11-13 groups, 30-50 per group-vs]" time="0.002" /><testcase classname="tests.scraper.test_main.TestSplatNetScraper" name="test_detailed_vs_or_coop_limit[No progress callback-Random limit-None-2-5 groups, 5-10 per group-coop]" time="0.002" /><testcase classname="tests.scraper.test_main.TestSplatNetScraper" name="test_detailed_vs_or_coop_limit[No progress callback-Random limit-None-2-5 groups, 5-10 per group-vs]" time="0.002" /><testcase classname="tests.scraper.test_main.TestSplatNetScraper" name="test_detailed_vs_or_coop_limit[No progress callback-Random limit-None-3-8 groups, 10-20 per group-coop]" time="0.002" /><testcase classname="tests.scraper.test_main.TestSplatNetScraper" name="test_detailed_vs_or_coop_limit[No progress callback-Random limit-None-3-8 groups, 10-20 per group-vs]" time="0.002" /><testcase classname="tests.scraper.test_main.TestSplatNetScraper" name="test_detailed_vs_or_coop_limit[No progress callback-Random limit-None-11-13 groups, 30-50 per group-coop]" time="0.002" /><testcase classname="tests.scraper.test_main.TestSplatNetScraper" name="test_detailed_vs_or_coop_limit[No progress callback-Random limit-None-11-13 groups, 30-50 per group-vs]" time="0.002" /><testcase classname="tests.scraper.test_main.TestSplatNetScraper" name="test_detailed_vs_or_coop_limit[No progress callback-Minus one limit-list of ids-2-5 groups, 5-10 per group-coop]" time="0.002" /><testcase classname="tests.scraper.test_main.TestSplatNetScraper" name="test_detailed_vs_or_coop_limit[No progress callback-Minus one limit-list of ids-2-5 groups, 5-10 per group-vs]" time="0.002" /><testcase classname="tests.scraper.test_main.TestSplatNetScraper" name="test_detailed_vs_or_coop_limit[No progress callback-Minus one limit-list of ids-3-8 groups, 10-20 per group-coop]" time="0.003" /><testcase classname="tests.scraper.test_main.TestSplatNetScraper" name="test_detailed_vs_or_coop_limit[No progress callback-Minus one limit-list of ids-3-8 groups, 10-20 per group-vs]" time="0.003" /><testcase classname="tests.scraper.test_main.TestSplatNetScraper" name="test_detailed_vs_or_coop_limit[No progress callback-Minus one limit-list of ids-11-13 groups, 30-50 per group-coop]" time="0.007" /><testcase classname="tests.scraper.test_main.TestSplatNetScraper" name="test_detailed_vs_or_coop_limit[No progress callback-Minus one limit-list of ids-11-13 groups, 30-50 per group-vs]" time="0.007" /><testcase classname="tests.scraper.test_main.TestSplatNetScraper" name="test_detailed_vs_or_coop_limit[No progress callback-Minus one limit-string-2-5 groups, 5-10 per group-coop]" time="0.002" /><testcase classname="tests.scraper.test_main.TestSplatNetScraper" name="test_detailed_vs_or_coop_limit[No progress callback-Minus one limit-string-2-5 groups, 5-10 per group-vs]" time="0.002" /><testcase classname="tests.scraper.test_main.TestSplatNetScraper" name="test_detailed_vs_or_coop_limit[No progress callback-Minus one limit-string-3-8 groups, 10-20 per group-coop]" time="0.003" /><testcase classname="tests.scraper.test_main.TestSplatNetScraper" name="test_detailed_vs_or_coop_limit[No progress callback-Minus one limit-string-3-8 groups, 10-20 per group-vs]" time="0.002" /><testcase classname="tests.scraper.test_main.TestSplatNetScraper" name="test_detailed_vs_or_coop_limit[No progress callback-Minus one limit-string-11-13 groups, 30-50 per group-coop]" time="0.003" /><testcase classname="tests.scraper.test_main.TestSplatNetScraper" name="test_detailed_vs_or_coop_limit[No progress callback-Minus one limit-string-11-13 groups, 30-50 per group-vs]" time="0.003" /><testcase classname="tests.scraper.test_main.TestSplatNetScraper" name="test_detailed_vs_or_coop_limit[No progress callback-Minus one limit-None-2-5 groups, 5-10 per group-coop]" time="0.002" /><testcase classname="tests.scraper.test_main.TestSplatNetScraper" name="test_detailed_vs_or_coop_limit[No progress callback-Minus one limit-None-2-5 groups, 5-10 per group-vs]" time="0.002" /><testcase classname="tests.scraper.test_main.TestSplatNetScraper" name="test_detailed_vs_or_coop_limit[No progress callback-Minus one limit-None-3-8 groups, 10-20 per group-coop]" time="0.003" /><testcase classname="tests.scraper.test_main.TestSplatNetScraper" name="test_detailed_vs_or_coop_limit[No progress callback-Minus one limit-None-3-8 groups, 10-20 per group-vs]" time="0.003" /><testcase classname="tests.scraper.test_main.TestSplatNetScraper" name="test_detailed_vs_or_coop_limit[No progress callback-Minus one limit-None-11-13 groups, 30-50 per group-coop]" time="0.007" /><testcase classname="tests.scraper.test_main.TestSplatNetScraper" name="test_detailed_vs_or_coop_limit[No progress callback-Minus one limit-None-11-13 groups, 30-50 per group-vs]" time="0.007" /><testcase classname="tests.scraper.test_main.TestSplatNetScraper" name="test_detailed_vs_or_coop_limit[Progress callback-No limit-list of ids-2-5 groups, 5-10 per group-coop]" time="0.003" /><testcase classname="tests.scraper.test_main.TestSplatNetScraper" name="test_detailed_vs_or_coop_limit[Progress callback-No limit-list of ids-2-5 groups, 5-10 per group-vs]" time="0.003" /><testcase classname="tests.scraper.test_main.TestSplatNetScraper" name="test_detailed_vs_or_coop_limit[Progress callback-No limit-list of ids-3-8 groups, 10-20 per group-coop]" time="0.004" /><testcase classname="tests.scraper.test_main.TestSplatNetScraper" name="test_detailed_vs_or_coop_limit[Progress callback-No limit-list of ids-3-8 groups, 10-20 per group-vs]" time="0.004" /><testcase classname="tests.scraper.test_main.TestSplatNetScraper" name="test_detailed_vs_or_coop_limit[Progress callback-No limit-list of ids-11-13 groups, 30-50 per group-coop]" time="0.015" /><testcase classname="tests.scraper.test_main.TestSplatNetScraper" name="test_detailed_vs_or_coop_limit[Progress callback-No limit-list of ids-11-13 groups, 30-50 per group-vs]" time="0.015" /><testcase classname="tests.scraper.test_main.TestSplatNetScraper" name="test_detailed_vs_or_coop_limit[Progress callback-No limit-string-2-5 groups, 5-10 per group-coop]" time="0.003" /><testcase classname="tests.scraper.test_main.TestSplatNetScraper" name="test_detailed_vs_or_coop_limit[Progress callback-No limit-string-2-5 groups, 5-10 per group-vs]" time="0.003" /><testcase classname="tests.scraper.test_main.TestSplatNetScraper" name="test_detailed_vs_or_coop_limit[Progress callback-No limit-string-3-8 groups, 10-20 per group-coop]" time="0.003" /><testcase classname="tests.scraper.test_main.TestSplatNetScraper" name="test_detailed_vs_or_coop_limit[Progress callback-No limit-string-3-8 groups, 10-20 per group-vs]" time="0.003" /><testcase classname="tests.scraper.test_main.TestSplatNetScraper" name="test_detailed_vs_or_coop_limit[Progress callback-No limit-string-11-13 groups, 30-50 per group-coop]" time="0.005" /><testcase classname="tests.scraper.test_main.TestSplatNetScraper" name="test_detailed_vs_or_coop_limit[Progress callback-No limit-string-11-13 groups, 30-50 per group-vs]" time="0.005" /><testcase classname="tests.scraper.test_main.TestSplatNetScraper" name="test_detailed_vs_or_coop_limit[Progress callback-No limit-None-2-5 groups, 5-10 per group-coop]" time="0.003" /><testcase classname="tests.scraper.test_main.TestSplatNetScraper" name="test_detailed_vs_or_coop_limit[Progress callback-No limit-None-2-5 groups, 5-10 per group-vs]" time="0.003" /><testcase classname="tests.scraper.test_main.TestSplatNetScraper" name="test_detailed_vs_or_coop_limit[Progress callback-No limit-None-3-8 groups, 10-20 per group-coop]" time="0.004" /><testcase classname="tests.scraper.test_main.TestSplatNetScraper" name="test_detailed_vs_or_coop_limit[Progress callback-No limit-None-3-8 groups, 10-20 per group-vs]" time="0.005" /><testcase classname="tests.scraper.test_main.TestSplatNetScraper" name="test_detailed_vs_or_coop_limit[Progress callback-No limit-None-11-13 groups, 30-50 per group-coop]" time="0.015" /><testcase classname="tests.scraper.test_main.TestSplatNetScraper" name="test_detailed_vs_or_coop_limit[Progress callback-No limit-None-11-13 groups, 30-50 per group-vs]" time="0.015" /><testcase classname="tests.scraper.test_main.TestSplatNetScraper" name="test_detailed_vs_or_coop_limit[Progress callback-Random limit-list of ids-2-5 groups, 5-10 per group-coop]" time="0.002" /><testcase classname="tests.scraper.test_main.TestSplatNetScraper" name="test_detailed_vs_or_coop_limit[Progress callback-Random limit-list of ids-2-5 groups, 5-10 per group-vs]" time="0.002" /><testcase classname="tests.scraper.test_main.TestSplatNetScraper" name="test_detailed_vs_or_coop_limit[Progress callback-Random limit-list of ids-3-8 groups, 10-20 per group-coop]" time="0.002" /><testcase classname="tests.scraper.test_main.TestSplatNetScraper" name="test_detailed_vs_or_coop_limit[Progress callback-Random limit-list of ids-3-8 groups, 10-20 per group-vs]" time="0.003" /><testcase classname="tests.scraper.test_main.TestSplatNetScraper" name="test_detailed_vs_or_coop_limit[Progress callback-Random limit-list of ids-11-13 groups, 30-50 per group-coop]" time="0.003" /><testcase classname="tests.scraper.test_main.TestSplatNetScraper" name="test_detailed_vs_or_coop_limit[Progress callback-Random limit-list of ids-11-13 groups, 30-50 per group-vs]" time="0.003" /><testcase classname="tests.scraper.test_main.TestSplatNetScraper" name="test_detailed_vs_or_coop_limit[Progress callback-Random limit-string-2-5 groups, 5-10 per group-coop]" time="0.002" /><testcase classname="tests.scraper.test_main.TestSplatNetScraper" name="test_detailed_vs_or_coop_limit[Progress callback-Random limit-string-2-5 groups, 5-10 per group-vs]" time="0.002" /><testcase classname="tests.scraper.test_main.TestSplatNetScraper" name="test_detailed_vs_or_coop_limit[Progress callback-Random limit-string-3-8 groups, 10-20 per group-coop]" time="0.002" /><testcase classname="tests.scraper.test_main.TestSplatNetScraper" name="test_detailed_vs_or_coop_limit[Progress callback-Random limit-string-3-8 groups, 10-20 per group-vs]" time="0.002" /><testcase classname="tests.scraper.test_main.TestSplatNetScraper" name="test_detailed_vs_or_coop_limit[Progress callback-Random limit-string-11-13 groups, 30-50 per group-coop]" time="0.003" /><testcase classname="tests.scraper.test_main.TestSplatNetScraper" name="test_detailed_vs_or_coop_limit[Progress callback-Random limit-string-11-13 groups, 30-50 per group-vs]" time="0.003" /><testcase classname="tests.scraper.test_main.TestSplatNetScraper" name="test_detailed_vs_or_coop_limit[Progress callback-Random limit-None-2-5 groups, 5-10 per group-coop]" time="0.002" /><testcase classname="tests.scraper.test_main.TestSplatNetScraper" name="test_detailed_vs_or_coop_limit[Progress callback-Random limit-None-2-5 groups, 5-10 per group-vs]" time="0.002" /><testcase classname="tests.scraper.test_main.TestSplatNetScraper" name="test_detailed_vs_or_coop_limit[Progress callback-Random limit-None-3-8 groups, 10-20 per group-coop]" time="0.002" /><testcase classname="tests.scraper.test_main.TestSplatNetScraper" name="test_detailed_vs_or_coop_limit[Progress callback-Random limit-None-3-8 groups, 10-20 per group-vs]" time="0.003" /><testcase classname="tests.scraper.test_main.TestSplatNetScraper" name="test_detailed_vs_or_coop_limit[Progress callback-Random limit-None-11-13 groups, 30-50 per group-coop]" time="0.003" /><testcase classname="tests.scraper.test_main.TestSplatNetScraper" name="test_detailed_vs_or_coop_limit[Progress callback-Random limit-None-11-13 groups, 30-50 per group-vs]" time="0.003" /><testcase classname="tests.scraper.test_main.TestSplatNetScraper" name="test_detailed_vs_or_coop_limit[Progress callback-Minus one limit-list of ids-2-5 groups, 5-10 per group-coop]" time="0.008" /><testcase classname="tests.scraper.test_main.TestSplatNetScraper" name="test_detailed_vs_or_coop_limit[Progress callback-Minus one limit-list of ids-2-5 groups, 5-10 per group-vs]" time="0.003" /><testcase classname="tests.scraper.test_main.TestSplatNetScraper" name="test_detailed_vs_or_coop_limit[Progress callback-Minus one limit-list of ids-3-8 groups, 10-20 per group-coop]" time="0.005" /><testcase classname="tests.scraper.test_main.TestSplatNetScraper" name="test_detailed_vs_or_coop_limit[Progress callback-Minus one limit-list of ids-3-8 groups, 10-20 per group-vs]" time="0.004" /><testcase classname="tests.scraper.test_main.TestSplatNetScraper" name="test_detailed_vs_or_coop_limit[Progress callback-Minus one limit-list of ids-11-13 groups, 30-50 per group-coop]" time="0.015" /><testcase classname="tests.scraper.test_main.TestSplatNetScraper" name="test_detailed_vs_or_coop_limit[Progress callback-Minus one limit-list of ids-11-13 groups, 30-50 per group-vs]" time="0.015" /><testcase classname="tests.scraper.test_main.TestSplatNetScraper" name="test_detailed_vs_or_coop_limit[Progress callback-Minus one limit-string-2-5 groups, 5-10 per group-coop]" time="0.003" /><testcase classname="tests.scraper.test_main.TestSplatNetScraper" name="test_detailed_vs_or_coop_limit[Progress callback-Minus one limit-string-2-5 groups, 5-10 per group-vs]" time="0.003" /><testcase classname="tests.scraper.test_main.TestSplatNetScraper" name="test_detailed_vs_or_coop_limit[Progress callback-Minus one limit-string-3-8 groups, 10-20 per group-coop]" time="0.003" /><testcase classname="tests.scraper.test_main.TestSplatNetScraper" name="test_detailed_vs_or_coop_limit[Progress callback-Minus one limit-string-3-8 groups, 10-20 per group-vs]" time="0.003" /><testcase classname="tests.scraper.test_main.TestSplatNetScraper" name="test_detailed_vs_or_coop_limit[Progress callback-Minus one limit-string-11-13 groups, 30-50 per group-coop]" time="0.006" /><testcase classname="tests.scraper.test_main.TestSplatNetScraper" name="test_detailed_vs_or_coop_limit[Progress callback-Minus one limit-string-11-13 groups, 30-50 per group-vs]" time="0.005" /><testcase classname="tests.scraper.test_main.TestSplatNetScraper" name="test_detailed_vs_or_coop_limit[Progress callback-Minus one limit-None-2-5 groups, 5-10 per group-coop]" time="0.003" /><testcase classname="tests.scraper.test_main.TestSplatNetScraper" name="test_detailed_vs_or_coop_limit[Progress callback-Minus one limit-None-2-5 groups, 5-10 per group-vs]" time="0.003" /><testcase classname="tests.scraper.test_main.TestSplatNetScraper" name="test_detailed_vs_or_coop_limit[Progress callback-Minus one limit-None-3-8 groups, 10-20 per group-coop]" time="0.004" /><testcase classname="tests.scraper.test_main.TestSplatNetScraper" name="test_detailed_vs_or_coop_limit[Progress callback-Minus one limit-None-3-8 groups, 10-20 per group-vs]" time="0.004" /><testcase classname="tests.scraper.test_main.TestSplatNetScraper" name="test_detailed_vs_or_coop_limit[Progress callback-Minus one limit-None-11-13 groups, 30-50 per group-coop]" time="0.015" /><testcase classname="tests.scraper.test_main.TestSplatNetScraper" name="test_detailed_vs_or_coop_limit[Progress callback-Minus one limit-None-11-13 groups, 30-50 per group-vs]" time="0.015" /><testcase classname="tests.scraper.test_main.TestSplatNetScraper" name="test_get_matches[progress callback-detail-regular]" time="0.002" /><testcase classname="tests.scraper.test_main.TestSplatNetScraper" name="test_get_matches[progress callback-detail-anarchy]" time="0.002" /><testcase classname="tests.scraper.test_main.TestSplatNetScraper" name="test_get_matches[progress callback-detail-x battle]" time="0.002" /><testcase classname="tests.scraper.test_main.TestSplatNetScraper" name="test_get_matches[progress callback-detail-private]" time="0.002" /><testcase classname="tests.scraper.test_main.TestSplatNetScraper" name="test_get_matches[progress callback-detail-salmon]" time="0.002" /><testcase classname="tests.scraper.test_main.TestSplatNetScraper" name="test_get_matches[progress callback-detail-challenge]" time="0.002" /><testcase classname="tests.scraper.test_main.TestSplatNetScraper" name="test_get_matches[progress callback-detail-not a mode]" time="0.002" /><testcase classname="tests.scraper.test_main.TestSplatNetScraper" name="test_get_matches[progress callback-no detail-regular]" time="0.002" /><testcase classname="tests.scraper.test_main.TestSplatNetScraper" name="test_get_matches[progress callback-no detail-anarchy]" time="0.002" /><testcase classname="tests.scraper.test_main.TestSplatNetScraper" name="test_get_matches[progress callback-no detail-x battle]" time="0.002" /><testcase classname="tests.scraper.test_main.TestSplatNetScraper" name="test_get_matches[progress callback-no detail-private]" time="0.002" /><testcase classname="tests.scraper.test_main.TestSplatNetScraper" name="test_get_matches[progress callback-no detail-salmon]" time="0.002" /><testcase classname="tests.scraper.test_main.TestSplatNetScraper" name="test_get_matches[progress callback-no detail-challenge]" time="0.002" /><testcase classname="tests.scraper.test_main.TestSplatNetScraper" name="test_get_matches[progress callback-no detail-not a mode]" time="0.002" /><testcase classname="tests.scraper.test_main.TestSplatNetScraper" name="test_get_matches[no progress callback-detail-regular]" time="0.002" /><testcase classname="tests.scraper.test_main.TestSplatNetScraper" name="test_get_matches[no progress callback-detail-anarchy]" time="0.002" /><testcase classname="tests.scraper.test_main.TestSplatNetScraper" name="test_get_matches[no progress callback-detail-x battle]" time="0.002" /><testcase classname="tests.scraper.test_main.TestSplatNetScraper" name="test_get_matches[no progress callback-detail-private]" time="0.002" /><testcase classname="tests.scraper.test_main.TestSplatNetScraper" name="test_get_matches[no progress callback-detail-salmon]" time="0.002" /><testcase classname="tests.scraper.test_main.TestSplatNetScraper" name="test_get_matches[no progress callback-detail-challenge]" time="0.003" /><testcase classname="tests.scraper.test_main.TestSplatNetScraper" name="test_get_matches[no progress callback-detail-not a mode]" time="0.002" /><testcase classname="tests.scraper.test_main.TestSplatNetScraper" name="test_get_matches[no progress callback-no detail-regular]" time="0.002" /><testcase classname="tests.scraper.test_main.TestSplatNetScraper" name="test_get_matches[no progress callback-no detail-anarchy]" time="0.002" /><testcase classname="tests.scraper.test_main.TestSplatNetScraper" name="test_get_matches[no progress callback-no detail-x battle]" time="0.002" /><testcase classname="tests.scraper.test_main.TestSplatNetScraper" name="test_get_matches[no progress callback-no detail-private]" time="0.002" /><testcase classname="tests.scraper.test_main.TestSplatNetScraper" name="test_get_matches[no progress callback-no detail-salmon]" time="0.002" /><testcase classname="tests.scraper.test_main.TestSplatNetScraper" name="test_get_matches[no progress callback-no detail-challenge]" time="0.002" /><testcase classname="tests.scraper.test_main.TestSplatNetScraper" name="test_get_matches[no progress callback-no detail-not a mode]" time="0.002" /><testcase classname="tests.scraper.test_query_map.TestQueryMap" name="test_get" time="0.001" /></testsuite></testsuites>