<?xml version="1.0" encoding="utf-8"?><testsuites><testsuite name="pytest" errors="0" failures="0" skipped="1" tests="211" time="1.541" timestamp="2023-02-15T00:15:42.874176" hostname="Desktop-Cesar"><testcase classname="tests.test_misc" name="test_version" time="0.002" /><testcase classname="tests.test_utils.TestRetry" name="test_success" time="0.001" /><testcase classname="tests.test_utils.TestRetry" name="test_failure" time="0.001" /><testcase classname="tests.test_utils.TestRetry" name="test_success_after_failure" time="0.001" /><testcase classname="tests.test_utils.TestRetry" name="test_multiple_exceptions" time="0.001" /><testcase classname="tests.test_utils.TestRetry" name="test_exception_not_defined" time="0.002" /><testcase classname="tests.test_utils.TestGetSplatnetWebVersion" name="test_success" time="0.001" /><testcase classname="tests.test_utils.TestGetSplatnetWebVersion" name="test_cache" time="0.001" /><testcase classname="tests.test_utils.TestLinearizeJSON" name="test_linearize_json[small]" time="0.001" /><testcase classname="tests.test_utils.TestLinearizeJSON" name="test_linearize_json[nested]" time="0.001" /><testcase classname="tests.test_utils.TestLinearizeJSON" name="test_linearize_json[list]" time="0.001" /><testcase classname="tests.test_utils.TestLinearizeJSON" name="test_linearize_json[nested_list]" time="0.001" /><testcase classname="tests.test_utils.TestLinearizeJSON" name="test_linearize_json[deep_nested]" time="0.001" /><testcase classname="tests.test_utils.TestLinearizeJSON" name="test_linearize_json[deep_nested_list]" time="0.001" /><testcase classname="tests.test_utils.TestLinearizeJSON" name="test_linearize_json[with_none]" time="0.001" /><testcase classname="tests.test_utils.TestDelinearizeJSON" name="test_delinearize_json[small]" time="0.001" /><testcase classname="tests.test_utils.TestDelinearizeJSON" name="test_delinearize_json[nested]" time="0.001" /><testcase classname="tests.test_utils.TestDelinearizeJSON" name="test_delinearize_json[list]" time="0.001" /><testcase classname="tests.test_utils.TestDelinearizeJSON" name="test_delinearize_json[nested_list]" time="0.001" /><testcase classname="tests.test_utils.TestDelinearizeJSON" name="test_delinearize_json[deep_nested]" time="0.001" /><testcase classname="tests.test_utils.TestDelinearizeJSON" name="test_delinearize_json[deep_nested_list]" time="0.001" /><testcase classname="tests.test_utils.TestDelinearizeJSON" name="test_delinearize_json[with_none]" time="0.001" /><testcase classname="tests.test_utils.TestDelinearizeJSON" name="test_delinearize_json[inserted_none]" time="0.001" /><testcase classname="tests.auth.test_graphql_queries.TestGraphQLQueries" name="test_get_hashes" time="0.001" /><testcase classname="tests.auth.test_graphql_queries.TestGraphQLQueries" name="test_init" time="0.001" /><testcase classname="tests.auth.test_graphql_queries.TestGraphQLQueries" name="test_query_header" time="0.043" /><testcase classname="tests.auth.test_graphql_queries.TestGraphQLQueries" name="test_query_body_hash" time="0.040" /><testcase classname="tests.auth.test_graphql_queries.TestGraphQLQueries" name="test_query_body" time="0.043" /><testcase classname="tests.auth.test_graphql_queries.TestGraphQLQueries" name="test_query_hash" time="0.063" /><testcase classname="tests.auth.test_graphql_queries.TestGraphQLQueries" name="test_query" time="0.044" /><testcase classname="tests.auth.test_nso.TestNSO" name="test_new_instance" time="0.001" /><testcase classname="tests.auth.test_nso.TestNSO" name="test_generate_version" time="0.001" /><testcase classname="tests.auth.test_nso.TestNSO" name="test_version_property" time="0.001" /><testcase classname="tests.auth.test_nso.TestNSO" name="test_generate_new_state" time="0.001" /><testcase classname="tests.auth.test_nso.TestNSO" name="test_state_property" time="0.001" /><testcase classname="tests.auth.test_nso.TestNSO" name="test_generate_new_verifier" time="0.001" /><testcase classname="tests.auth.test_nso.TestNSO" name="test_verifier_property" time="0.001" /><testcase classname="tests.auth.test_nso.TestNSO" name="test_session_token" time="0.002" /><testcase classname="tests.auth.test_nso.TestNSO" name="test_login_url" time="0.002" /><testcase classname="tests.auth.test_nso.TestNSO" name="test_get_session_token" time="0.001" /><testcase classname="tests.auth.test_nso.TestNSO" name="test_get_user_access_token" time="0.001" /><testcase classname="tests.auth.test_nso.TestNSO" name="test_user_info" time="0.001" /><testcase classname="tests.auth.test_nso.TestNSO" name="test_get_ftoken" time="0.001" /><testcase classname="tests.auth.test_nso.TestNSO" name="test_get_web_service_access_token" time="0.001" /><testcase classname="tests.auth.test_nso.TestNSO" name="test_g_token_generation_phase_1" time="0.002" /><testcase classname="tests.auth.test_nso.TestNSO" name="test_g_token_generation_phase_2" time="0.001" /><testcase classname="tests.auth.test_nso.TestNSO" name="test_get_gtoken[url_provided]" time="0.003" /><testcase classname="tests.auth.test_nso.TestNSO" name="test_get_gtoken[url_not_provided]" time="0.002" /><testcase classname="tests.auth.test_nso.TestNSO" name="test_get_bullet_token" time="0.001" /><testcase classname="tests.auth.test_nso.TestNSO" name="test_set_new_f_token_function" time="0.001" /><testcase classname="tests.auth.test_token_manager.TestToken" name="test_new_token" time="0.076" /><testcase classname="tests.auth.test_token_manager.TestToken" name="test_properties" time="0.007" /><testcase classname="tests.auth.test_token_manager.TestToken" name="test_repr" time="0.008" /><testcase classname="tests.auth.test_token_manager.TestTokenManager" name="test_init" time="0.001" /><testcase classname="tests.auth.test_token_manager.TestTokenManager" name="test_add_token" time="0.023" /><testcase classname="tests.auth.test_token_manager.TestTokenManager" name="test_get" time="0.001" /><testcase classname="tests.auth.test_token_manager.TestTokenManager" name="test_data" time="0.001" /><testcase classname="tests.auth.test_token_manager.TestTokenManager" name="test_add_session_token" time="0.001" /><testcase classname="tests.auth.test_token_manager.TestTokenManager" name="test_generate_gtoken" time="0.001" /><testcase classname="tests.auth.test_token_manager.TestTokenManager" name="test_generate_bullet_token" time="0.002" /><testcase classname="tests.auth.test_token_manager.TestTokenManager" name="test_generate_all_tokens" time="0.001" /><testcase classname="tests.auth.test_token_manager.TestTokenManager" name="test_from_session_token" time="0.001" /><testcase classname="tests.auth.test_token_manager.TestTokenManager" name="test_from_config_file" time="0.003" /><testcase classname="tests.auth.test_token_manager.TestTokenManager" name="test_from_text_file" time="0.008" /><testcase classname="tests.auth.test_token_manager.TestTokenManager" name="test_from_env" time="0.001" /><testcase classname="tests.auth.test_token_manager.TestTokenManager" name="test_load" time="0.002" /><testcase classname="tests.auth.test_token_manager.TestTokenManager" name="test_save" time="0.004" /><testcase classname="tests.auth.test_token_manager.TestTokenManager" name="test_token_is_valid" time="0.001" /><testcase classname="tests.auth.test_token_manager.TestTokenManager" name="test_test_tokens" time="0.001" /><testcase classname="tests.query.test_config.TestConfig" name="test_init" time="0.003" /><testcase classname="tests.query.test_config.TestConfig" name="test_post_init" time="0.008" /><testcase classname="tests.query.test_config.TestConfig" name="test_from_env" time="0.001" /><testcase classname="tests.query.test_config.TestConfig" name="test_save" time="0.008" /><testcase classname="tests.query.test_config.TestConfig" name="test_manage_options" time="0.001" /><testcase classname="tests.query.test_config.TestConfig" name="test_get" time="0.001" /><testcase classname="tests.query.test_config.TestConfig" name="test_get_data" time="0.001" /><testcase classname="tests.query.test_json_parser.TestLinearJSON" name="test_init" time="0.001" /><testcase classname="tests.query.test_json_parser.TestLinearJSON" name="test_from_json" time="0.001" /><testcase classname="tests.query.test_json_parser.TestLinearJSON" name="test_delinearize" time="0.001" /><testcase classname="tests.query.test_json_parser.TestLinearJSON" name="test_eq" time="0.001" /><testcase classname="tests.query.test_json_parser.TestLinearJSON" name="test__validate" time="0.001" /><testcase classname="tests.query.test_json_parser.TestLinearJSON" name="test_standardize_new_header" time="0.001" /><testcase classname="tests.query.test_json_parser.TestLinearJSON" name="test_merge_headers" time="0.001" /><testcase classname="tests.query.test_json_parser.TestLinearJSON" name="test_append" time="0.001" /><testcase classname="tests.query.test_json_parser.TestLinearJSON" name="test_transpose" time="0.001" /><testcase classname="tests.query.test_json_parser.TestLinearJSON" name="test_stringify" time="0.001" /><testcase classname="tests.query.test_json_parser.TestLinearJSON" name="test_remove_columns" time="0.001" /><testcase classname="tests.query.test_json_parser.TestLinearJSON" name="test_remove_url_columns" time="0.001" /><testcase classname="tests.query.test_json_parser.TestJSONParser" name="test_init" time="0.001" /><testcase classname="tests.query.test_json_parser.TestJSONParser" name="test_len" time="0.001" /><testcase classname="tests.query.test_json_parser.TestJSONParser" name="test_eq" time="0.001" /><testcase classname="tests.query.test_json_parser.TestJSONParser" name="test_repr" time="0.001" /><testcase classname="tests.query.test_json_parser.TestJSONParser" name="test_to_linear_json" time="0.001" /><testcase classname="tests.query.test_json_parser.TestJSONParser" name="test_remove_columns" time="0.000" /><testcase classname="tests.query.test_json_parser.TestJSONParser" name="test_remove_url_columns" time="0.001" /><testcase classname="tests.query.test_json_parser.TestJSONParser" name="test_to_csv" time="0.003" /><testcase classname="tests.query.test_json_parser.TestJSONParser" name="test_to_json" time="0.006" /><testcase classname="tests.query.test_json_parser.TestJSONParser" name="test_to_gzipped_json" time="0.003" /><testcase classname="tests.query.test_json_parser.TestJSONParser" name="test_to_parquet" time="0.016" /><testcase classname="tests.query.test_json_parser.TestJSONParser" name="test_from_csv" time="0.002" /><testcase classname="tests.query.test_json_parser.TestJSONParser" name="test_automatic_type_conversion" time="0.001" /><testcase classname="tests.query.test_json_parser.TestJSONParser" name="test_from_json" time="0.003" /><testcase classname="tests.query.test_json_parser.TestJSONParser" name="test_from_gzipped_json" time="0.004" /><testcase classname="tests.query.test_json_parser.TestJSONParser" name="test_from_parquet" time="0.001"><skipped type="pytest.xfail" message="" /></testcase><testcase classname="tests.query.test_query_response.TestQueryResponse" name="test_init_metadata[NQ-NT-NV]" time="0.001" /><testcase classname="tests.query.test_query_response.TestQueryResponse" name="test_init_metadata[NQ-NT-V]" time="0.001" /><testcase classname="tests.query.test_query_response.TestQueryResponse" name="test_init_metadata[NQ-T-NV]" time="0.001" /><testcase classname="tests.query.test_query_response.TestQueryResponse" name="test_init_metadata[NQ-T-V]" time="0.001" /><testcase classname="tests.query.test_query_response.TestQueryResponse" name="test_init_metadata[Q-NT-NV]" time="0.001" /><testcase classname="tests.query.test_query_response.TestQueryResponse" name="test_init_metadata[Q-NT-V]" time="0.001" /><testcase classname="tests.query.test_query_response.TestQueryResponse" name="test_init_metadata[Q-T-NV]" time="0.001" /><testcase classname="tests.query.test_query_response.TestQueryResponse" name="test_init_metadata[Q-T-V]" time="0.001" /><testcase classname="tests.query.test_query_response.TestQueryResponse" name="test_parse_json" time="0.001" /><testcase classname="tests.query.test_query_response.TestQueryResponse" name="test_repr[MF-NT-NQ]" time="0.001" /><testcase classname="tests.query.test_query_response.TestQueryResponse" name="test_repr[MF-NT-Q]" time="0.001" /><testcase classname="tests.query.test_query_response.TestQueryResponse" name="test_repr[MF-NT-LQ]" time="0.001" /><testcase classname="tests.query.test_query_response.TestQueryResponse" name="test_repr[MF-T-NQ]" time="0.001" /><testcase classname="tests.query.test_query_response.TestQueryResponse" name="test_repr[MF-T-Q]" time="0.001" /><testcase classname="tests.query.test_query_response.TestQueryResponse" name="test_repr[MF-T-LQ]" time="0.001" /><testcase classname="tests.query.test_query_response.TestQueryResponse" name="test_repr[NF-NT-NQ]" time="0.001" /><testcase classname="tests.query.test_query_response.TestQueryResponse" name="test_repr[NF-NT-Q]" time="0.001" /><testcase classname="tests.query.test_query_response.TestQueryResponse" name="test_repr[NF-NT-LQ]" time="0.001" /><testcase classname="tests.query.test_query_response.TestQueryResponse" name="test_repr[NF-T-NQ]" time="0.001" /><testcase classname="tests.query.test_query_response.TestQueryResponse" name="test_repr[NF-T-Q]" time="0.001" /><testcase classname="tests.query.test_query_response.TestQueryResponse" name="test_repr[NF-T-LQ]" time="0.001" /><testcase classname="tests.query.test_query_response.TestQueryResponse" name="test_eq[ND-NM2-NM1]" time="0.001" /><testcase classname="tests.query.test_query_response.TestQueryResponse" name="test_eq[ND-NM2-M1]" time="0.001" /><testcase classname="tests.query.test_query_response.TestQueryResponse" name="test_eq[ND-M2-NM1]" time="0.001" /><testcase classname="tests.query.test_query_response.TestQueryResponse" name="test_eq[ND-M2-M1]" time="0.001" /><testcase classname="tests.query.test_query_response.TestQueryResponse" name="test_eq[D-NM2-NM1]" time="0.001" /><testcase classname="tests.query.test_query_response.TestQueryResponse" name="test_eq[D-NM2-M1]" time="0.001" /><testcase classname="tests.query.test_query_response.TestQueryResponse" name="test_eq[D-M2-NM1]" time="0.001" /><testcase classname="tests.query.test_query_response.TestQueryResponse" name="test_eq[D-M2-M1]" time="0.001" /><testcase classname="tests.query.test_query_response.TestQueryResponse" name="test_getitem" time="0.001" /><testcase classname="tests.query.test_query_response.TestQueryResponse" name="test_keys[D]" time="0.001" /><testcase classname="tests.query.test_query_response.TestQueryResponse" name="test_keys[L]" time="0.001" /><testcase classname="tests.query.test_query_response.TestQueryResponse" name="test_values" time="0.001" /><testcase classname="tests.query.test_query_response.TestQueryResponse" name="test_items" time="0.001" /><testcase classname="tests.query.test_query_response.TestQueryResponse" name="test_iter" time="0.001" /><testcase classname="tests.query.test_query_response.TestQueryResponse" name="test_show" time="0.001" /><testcase classname="tests.query.test_queryhandler.TestSplatNetQueryHandler" name="test_from_config_file" time="0.001" /><testcase classname="tests.query.test_queryhandler.TestSplatNetQueryHandler" name="test_generate_session_token_url" time="0.001" /><testcase classname="tests.query.test_queryhandler.TestSplatNetQueryHandler" name="test_from_session_token" time="0.002" /><testcase classname="tests.query.test_queryhandler.TestSplatNetQueryHandler" name="test_from_env" time="0.001" /><testcase classname="tests.query.test_queryhandler.TestSplatNetQueryHandler" name="test_query" time="0.002" /><testcase classname="tests.query.test_queryhandler.TestSplatNetQueryHandler" name="test_query_hash" time="0.002" /><testcase classname="tests.scraper.test_main.TestSplatNetScraper" name="test_init" time="0.002" /><testcase classname="tests.scraper.test_main.TestSplatNetScraper" name="test_from_methods[from_session_token]" time="0.001" /><testcase classname="tests.scraper.test_main.TestSplatNetScraper" name="test_from_methods[from_config]" time="0.001" /><testcase classname="tests.scraper.test_main.TestSplatNetScraper" name="test_from_methods[from_env]" time="0.001" /><testcase classname="tests.scraper.test_main.TestSplatNetScraper" name="test_from_methods[from_s3s_config]" time="0.001" /><testcase classname="tests.scraper.test_main.TestSplatNetScraper" name="test_query" time="0.001" /><testcase classname="tests.scraper.test_main.TestSplatNetScraper" name="test_detailed_vs_or_coop_query[coop]" time="0.001" /><testcase classname="tests.scraper.test_main.TestSplatNetScraper" name="test_detailed_vs_or_coop_query[vs]" time="0.001" /><testcase classname="tests.scraper.test_main.TestSplatNetScraper" name="test_detailed_vs_or_coop_query[valid query, not vs or coop]" time="0.001" /><testcase classname="tests.scraper.test_main.TestSplatNetScraper" name="test_detailed_vs_or_coop_query[invalid query]" time="0.001" /><testcase classname="tests.scraper.test_main.TestSplatNetScraper" name="test_detailed_vs_or_coop_limit[No limit-list of ids-2-5 groups, 5-10 per group-coop]" time="0.001" /><testcase classname="tests.scraper.test_main.TestSplatNetScraper" name="test_detailed_vs_or_coop_limit[No limit-list of ids-2-5 groups, 5-10 per group-vs]" time="0.001" /><testcase classname="tests.scraper.test_main.TestSplatNetScraper" name="test_detailed_vs_or_coop_limit[No limit-list of ids-3-8 groups, 10-20 per group-coop]" time="0.001" /><testcase classname="tests.scraper.test_main.TestSplatNetScraper" name="test_detailed_vs_or_coop_limit[No limit-list of ids-3-8 groups, 10-20 per group-vs]" time="0.001" /><testcase classname="tests.scraper.test_main.TestSplatNetScraper" name="test_detailed_vs_or_coop_limit[No limit-list of ids-11-13 groups, 30-50 per group-coop]" time="0.002" /><testcase classname="tests.scraper.test_main.TestSplatNetScraper" name="test_detailed_vs_or_coop_limit[No limit-list of ids-11-13 groups, 30-50 per group-vs]" time="0.002" /><testcase classname="tests.scraper.test_main.TestSplatNetScraper" name="test_detailed_vs_or_coop_limit[No limit-string-2-5 groups, 5-10 per group-coop]" time="0.001" /><testcase classname="tests.scraper.test_main.TestSplatNetScraper" name="test_detailed_vs_or_coop_limit[No limit-string-2-5 groups, 5-10 per group-vs]" time="0.001" /><testcase classname="tests.scraper.test_main.TestSplatNetScraper" name="test_detailed_vs_or_coop_limit[No limit-string-3-8 groups, 10-20 per group-coop]" time="0.001" /><testcase classname="tests.scraper.test_main.TestSplatNetScraper" name="test_detailed_vs_or_coop_limit[No limit-string-3-8 groups, 10-20 per group-vs]" time="0.001" /><testcase classname="tests.scraper.test_main.TestSplatNetScraper" name="test_detailed_vs_or_coop_limit[No limit-string-11-13 groups, 30-50 per group-coop]" time="0.001" /><testcase classname="tests.scraper.test_main.TestSplatNetScraper" name="test_detailed_vs_or_coop_limit[No limit-string-11-13 groups, 30-50 per group-vs]" time="0.002" /><testcase classname="tests.scraper.test_main.TestSplatNetScraper" name="test_detailed_vs_or_coop_limit[No limit-None-2-5 groups, 5-10 per group-coop]" time="0.001" /><testcase classname="tests.scraper.test_main.TestSplatNetScraper" name="test_detailed_vs_or_coop_limit[No limit-None-2-5 groups, 5-10 per group-vs]" time="0.001" /><testcase classname="tests.scraper.test_main.TestSplatNetScraper" name="test_detailed_vs_or_coop_limit[No limit-None-3-8 groups, 10-20 per group-coop]" time="0.001" /><testcase classname="tests.scraper.test_main.TestSplatNetScraper" name="test_detailed_vs_or_coop_limit[No limit-None-3-8 groups, 10-20 per group-vs]" time="0.001" /><testcase classname="tests.scraper.test_main.TestSplatNetScraper" name="test_detailed_vs_or_coop_limit[No limit-None-11-13 groups, 30-50 per group-coop]" time="0.002" /><testcase classname="tests.scraper.test_main.TestSplatNetScraper" name="test_detailed_vs_or_coop_limit[No limit-None-11-13 groups, 30-50 per group-vs]" time="0.002" /><testcase classname="tests.scraper.test_main.TestSplatNetScraper" name="test_detailed_vs_or_coop_limit[Random limit-list of ids-2-5 groups, 5-10 per group-coop]" time="0.001" /><testcase classname="tests.scraper.test_main.TestSplatNetScraper" name="test_detailed_vs_or_coop_limit[Random limit-list of ids-2-5 groups, 5-10 per group-vs]" time="0.001" /><testcase classname="tests.scraper.test_main.TestSplatNetScraper" name="test_detailed_vs_or_coop_limit[Random limit-list of ids-3-8 groups, 10-20 per group-coop]" time="0.001" /><testcase classname="tests.scraper.test_main.TestSplatNetScraper" name="test_detailed_vs_or_coop_limit[Random limit-list of ids-3-8 groups, 10-20 per group-vs]" time="0.001" /><testcase classname="tests.scraper.test_main.TestSplatNetScraper" name="test_detailed_vs_or_coop_limit[Random limit-list of ids-11-13 groups, 30-50 per group-coop]" time="0.001" /><testcase classname="tests.scraper.test_main.TestSplatNetScraper" name="test_detailed_vs_or_coop_limit[Random limit-list of ids-11-13 groups, 30-50 per group-vs]" time="0.001" /><testcase classname="tests.scraper.test_main.TestSplatNetScraper" name="test_detailed_vs_or_coop_limit[Random limit-string-2-5 groups, 5-10 per group-coop]" time="0.001" /><testcase classname="tests.scraper.test_main.TestSplatNetScraper" name="test_detailed_vs_or_coop_limit[Random limit-string-2-5 groups, 5-10 per group-vs]" time="0.001" /><testcase classname="tests.scraper.test_main.TestSplatNetScraper" name="test_detailed_vs_or_coop_limit[Random limit-string-3-8 groups, 10-20 per group-coop]" time="0.001" /><testcase classname="tests.scraper.test_main.TestSplatNetScraper" name="test_detailed_vs_or_coop_limit[Random limit-string-3-8 groups, 10-20 per group-vs]" time="0.001" /><testcase classname="tests.scraper.test_main.TestSplatNetScraper" name="test_detailed_vs_or_coop_limit[Random limit-string-11-13 groups, 30-50 per group-coop]" time="0.001" /><testcase classname="tests.scraper.test_main.TestSplatNetScraper" name="test_detailed_vs_or_coop_limit[Random limit-string-11-13 groups, 30-50 per group-vs]" time="0.002" /><testcase classname="tests.scraper.test_main.TestSplatNetScraper" name="test_detailed_vs_or_coop_limit[Random limit-None-2-5 groups, 5-10 per group-coop]" time="0.001" /><testcase classname="tests.scraper.test_main.TestSplatNetScraper" name="test_detailed_vs_or_coop_limit[Random limit-None-2-5 groups, 5-10 per group-vs]" time="0.001" /><testcase classname="tests.scraper.test_main.TestSplatNetScraper" name="test_detailed_vs_or_coop_limit[Random limit-None-3-8 groups, 10-20 per group-coop]" time="0.001" /><testcase classname="tests.scraper.test_main.TestSplatNetScraper" name="test_detailed_vs_or_coop_limit[Random limit-None-3-8 groups, 10-20 per group-vs]" time="0.001" /><testcase classname="tests.scraper.test_main.TestSplatNetScraper" name="test_detailed_vs_or_coop_limit[Random limit-None-11-13 groups, 30-50 per group-coop]" time="0.001" /><testcase classname="tests.scraper.test_main.TestSplatNetScraper" name="test_detailed_vs_or_coop_limit[Random limit-None-11-13 groups, 30-50 per group-vs]" time="0.001" /><testcase classname="tests.scraper.test_main.TestSplatNetScraper" name="test_detailed_vs_or_coop_limit[Minus one limit-list of ids-2-5 groups, 5-10 per group-coop]" time="0.001" /><testcase classname="tests.scraper.test_main.TestSplatNetScraper" name="test_detailed_vs_or_coop_limit[Minus one limit-list of ids-2-5 groups, 5-10 per group-vs]" time="0.001" /><testcase classname="tests.scraper.test_main.TestSplatNetScraper" name="test_detailed_vs_or_coop_limit[Minus one limit-list of ids-3-8 groups, 10-20 per group-coop]" time="0.001" /><testcase classname="tests.scraper.test_main.TestSplatNetScraper" name="test_detailed_vs_or_coop_limit[Minus one limit-list of ids-3-8 groups, 10-20 per group-vs]" time="0.001" /><testcase classname="tests.scraper.test_main.TestSplatNetScraper" name="test_detailed_vs_or_coop_limit[Minus one limit-list of ids-11-13 groups, 30-50 per group-coop]" time="0.002" /><testcase classname="tests.scraper.test_main.TestSplatNetScraper" name="test_detailed_vs_or_coop_limit[Minus one limit-list of ids-11-13 groups, 30-50 per group-vs]" time="0.002" /><testcase classname="tests.scraper.test_main.TestSplatNetScraper" name="test_detailed_vs_or_coop_limit[Minus one limit-string-2-5 groups, 5-10 per group-coop]" time="0.001" /><testcase classname="tests.scraper.test_main.TestSplatNetScraper" name="test_detailed_vs_or_coop_limit[Minus one limit-string-2-5 groups, 5-10 per group-vs]" time="0.001" /><testcase classname="tests.scraper.test_main.TestSplatNetScraper" name="test_detailed_vs_or_coop_limit[Minus one limit-string-3-8 groups, 10-20 per group-coop]" time="0.001" /><testcase classname="tests.scraper.test_main.TestSplatNetScraper" name="test_detailed_vs_or_coop_limit[Minus one limit-string-3-8 groups, 10-20 per group-vs]" time="0.001" /><testcase classname="tests.scraper.test_main.TestSplatNetScraper" name="test_detailed_vs_or_coop_limit[Minus one limit-string-11-13 groups, 30-50 per group-coop]" time="0.002" /><testcase classname="tests.scraper.test_main.TestSplatNetScraper" name="test_detailed_vs_or_coop_limit[Minus one limit-string-11-13 groups, 30-50 per group-vs]" time="0.002" /><testcase classname="tests.scraper.test_main.TestSplatNetScraper" name="test_detailed_vs_or_coop_limit[Minus one limit-None-2-5 groups, 5-10 per group-coop]" time="0.001" /><testcase classname="tests.scraper.test_main.TestSplatNetScraper" name="test_detailed_vs_or_coop_limit[Minus one limit-None-2-5 groups, 5-10 per group-vs]" time="0.002" /><testcase classname="tests.scraper.test_main.TestSplatNetScraper" name="test_detailed_vs_or_coop_limit[Minus one limit-None-3-8 groups, 10-20 per group-coop]" time="0.002" /><testcase classname="tests.scraper.test_main.TestSplatNetScraper" name="test_detailed_vs_or_coop_limit[Minus one limit-None-3-8 groups, 10-20 per group-vs]" time="0.001" /><testcase classname="tests.scraper.test_main.TestSplatNetScraper" name="test_detailed_vs_or_coop_limit[Minus one limit-None-11-13 groups, 30-50 per group-coop]" time="0.002" /><testcase classname="tests.scraper.test_main.TestSplatNetScraper" name="test_detailed_vs_or_coop_limit[Minus one limit-None-11-13 groups, 30-50 per group-vs]" time="0.003" /><testcase classname="tests.scraper.test_query_map.TestQueryMap" name="test_get" time="0.001" /></testsuite></testsuites>