<?xml version="1.0" encoding="utf-8"?><testsuites><testsuite name="pytest" errors="0" failures="0" skipped="0" tests="534" time="5.364" timestamp="2023-10-21T23:11:22.849196" hostname="buildkitsandbox"><testcase classname="tests.test_misc" name="test_version" time="0.002" /><testcase classname="tests.test_misc" name="test_slushie" time="0.001" /><testcase classname="tests.test_utils.TestRetry" name="test_success" time="0.001" /><testcase classname="tests.test_utils.TestRetry" name="test_failure" time="0.002" /><testcase classname="tests.test_utils.TestRetry" name="test_success_after_failure" time="0.002" /><testcase classname="tests.test_utils.TestRetry" name="test_multiple_exceptions" time="0.002" /><testcase classname="tests.test_utils.TestRetry" name="test_exception_not_defined" time="0.002" /><testcase classname="tests.test_utils.TestLinearizeJSON" name="test_linearize_json[small]" time="0.001" /><testcase classname="tests.test_utils.TestLinearizeJSON" name="test_linearize_json[nested]" time="0.001" /><testcase classname="tests.test_utils.TestLinearizeJSON" name="test_linearize_json[list]" time="0.001" /><testcase classname="tests.test_utils.TestLinearizeJSON" name="test_linearize_json[nested_list]" time="0.001" /><testcase classname="tests.test_utils.TestLinearizeJSON" name="test_linearize_json[deep_nested]" time="0.001" /><testcase classname="tests.test_utils.TestLinearizeJSON" name="test_linearize_json[deep_nested_list]" time="0.001" /><testcase classname="tests.test_utils.TestLinearizeJSON" name="test_linearize_json[with_none]" time="0.002" /><testcase classname="tests.test_utils.TestDelinearizeJSON" name="test_delinearize_json[small]" time="0.001" /><testcase classname="tests.test_utils.TestDelinearizeJSON" name="test_delinearize_json[nested]" time="0.001" /><testcase classname="tests.test_utils.TestDelinearizeJSON" name="test_delinearize_json[list]" time="0.001" /><testcase classname="tests.test_utils.TestDelinearizeJSON" name="test_delinearize_json[nested_list]" time="0.001" /><testcase classname="tests.test_utils.TestDelinearizeJSON" name="test_delinearize_json[deep_nested]" time="0.001" /><testcase classname="tests.test_utils.TestDelinearizeJSON" name="test_delinearize_json[deep_nested_list]" time="0.001" /><testcase classname="tests.test_utils.TestDelinearizeJSON" name="test_delinearize_json[with_none]" time="0.001" /><testcase classname="tests.test_utils.TestDelinearizeJSON" name="test_delinearize_json[inserted_none]" time="0.001" /><testcase classname="tests.test_utils.TestEnumerateAllPaths" name="test_enumerate_all_paths[small]" time="0.001" /><testcase classname="tests.test_utils.TestEnumerateAllPaths" name="test_enumerate_all_paths[nested]" time="0.001" /><testcase classname="tests.test_utils.TestEnumerateAllPaths" name="test_enumerate_all_paths[nested_list]" time="0.001" /><testcase classname="tests.test_utils.TestEnumerateAllPaths" name="test_enumerate_all_paths[deep_nested_list]" time="0.001" /><testcase classname="tests.test_utils.TestMatchPartialPath" name="test_match_partial_path[nested_list]" time="0.001" /><testcase classname="tests.test_utils.TestMatchPartialPath" name="test_match_partial_path[deep_nested_list]" time="0.002" /><testcase classname="tests.test_utils.TestMatchPartialPath" name="test_match_partial_path[list_of_paths]" time="0.002" /><testcase classname="tests.test_utils.TestMatchPartialPath" name="test_match_partial_path[path_with_wildcard]" time="0.002" /><testcase classname="tests.test_utils.TestMatchPartialPath" name="test_match_partial_path[list_of_paths_with_wildcard]" time="0.002" /><testcase classname="tests.test_utils.TestHash" name="test_get_hash_data_explicit[no_args]" time="0.002" /><testcase classname="tests.test_utils.TestHash" name="test_get_hash_data_explicit[query_only]" time="0.002" /><testcase classname="tests.test_utils.TestHash" name="test_get_hash_data_explicit[query_and_version]" time="0.002" /><testcase classname="tests.test_utils.TestHash" name="test_get_ttl_hash" time="0.048" /><testcase classname="tests.test_utils.TestHash" name="test_get_fallback_hash_data" time="0.001" /><testcase classname="tests.test_utils.TestHash" name="test_get_splatnet_hashes_success" time="0.013" /><testcase classname="tests.test_utils.TestHash" name="test_get_splatnet_hashes_failure" time="0.014" /><testcase classname="tests.test_utils.TestHash" name="test_get_splatnet_hashes_success_empty" time="0.014" /><testcase classname="tests.test_utils.TestHash" name="test_get_splatnet_version_success" time="0.013" /><testcase classname="tests.test_utils.TestHash" name="test_get_splatnet_version_failure" time="0.013" /><testcase classname="tests.test_utils.TestHash" name="test_get_splatnet_version_success_empty" time="0.013" /><testcase classname="tests.auth.test_environment_manager.TestEnvironmentVariablesManager" name="test_init" time="0.001" /><testcase classname="tests.auth.test_environment_manager.TestEnvironmentVariablesManager" name="test_token_to_variable" time="0.001" /><testcase classname="tests.auth.test_environment_manager.TestEnvironmentVariablesManager" name="test_variable_to_token" time="0.001" /><testcase classname="tests.auth.test_environment_manager.TestEnvironmentVariablesManager" name="test_add_token" time="0.001" /><testcase classname="tests.auth.test_environment_manager.TestEnvironmentVariablesManager" name="test_remove_token" time="0.001" /><testcase classname="tests.auth.test_environment_manager.TestEnvironmentVariablesManager" name="test_get" time="0.001" /><testcase classname="tests.auth.test_environment_manager.TestEnvironmentVariablesManager" name="test_get_all[no_extra_token-no_bullet_token-no_gtoken-no_session_token]" time="0.002" /><testcase classname="tests.auth.test_environment_manager.TestEnvironmentVariablesManager" name="test_get_all[no_extra_token-no_bullet_token-no_gtoken-session_token]" time="0.002" /><testcase classname="tests.auth.test_environment_manager.TestEnvironmentVariablesManager" name="test_get_all[no_extra_token-no_bullet_token-gtoken-no_session_token]" time="0.002" /><testcase classname="tests.auth.test_environment_manager.TestEnvironmentVariablesManager" name="test_get_all[no_extra_token-no_bullet_token-gtoken-session_token]" time="0.002" /><testcase classname="tests.auth.test_environment_manager.TestEnvironmentVariablesManager" name="test_get_all[no_extra_token-bullet_token-no_gtoken-no_session_token]" time="0.002" /><testcase classname="tests.auth.test_environment_manager.TestEnvironmentVariablesManager" name="test_get_all[no_extra_token-bullet_token-no_gtoken-session_token]" time="0.002" /><testcase classname="tests.auth.test_environment_manager.TestEnvironmentVariablesManager" name="test_get_all[no_extra_token-bullet_token-gtoken-no_session_token]" time="0.002" /><testcase classname="tests.auth.test_environment_manager.TestEnvironmentVariablesManager" name="test_get_all[no_extra_token-bullet_token-gtoken-session_token]" time="0.002" /><testcase classname="tests.auth.test_environment_manager.TestEnvironmentVariablesManager" name="test_get_all[extra_token-no_bullet_token-no_gtoken-no_session_token]" time="0.002" /><testcase classname="tests.auth.test_environment_manager.TestEnvironmentVariablesManager" name="test_get_all[extra_token-no_bullet_token-no_gtoken-session_token]" time="0.002" /><testcase classname="tests.auth.test_environment_manager.TestEnvironmentVariablesManager" name="test_get_all[extra_token-no_bullet_token-gtoken-no_session_token]" time="0.002" /><testcase classname="tests.auth.test_environment_manager.TestEnvironmentVariablesManager" name="test_get_all[extra_token-no_bullet_token-gtoken-session_token]" time="0.002" /><testcase classname="tests.auth.test_environment_manager.TestEnvironmentVariablesManager" name="test_get_all[extra_token-bullet_token-no_gtoken-no_session_token]" time="0.002" /><testcase classname="tests.auth.test_environment_manager.TestEnvironmentVariablesManager" name="test_get_all[extra_token-bullet_token-no_gtoken-session_token]" time="0.002" /><testcase classname="tests.auth.test_environment_manager.TestEnvironmentVariablesManager" name="test_get_all[extra_token-bullet_token-gtoken-no_session_token]" time="0.002" /><testcase classname="tests.auth.test_environment_manager.TestEnvironmentVariablesManager" name="test_get_all[extra_token-bullet_token-gtoken-session_token]" time="0.002" /><testcase classname="tests.auth.test_graphql_queries.TestGraphQLQueries" name="test_init" time="0.001" /><testcase classname="tests.auth.test_graphql_queries.TestGraphQLQueries" name="test_query_header" time="0.001" /><testcase classname="tests.auth.test_graphql_queries.TestGraphQLQueries" name="test_query_body_hash" time="0.001" /><testcase classname="tests.auth.test_graphql_queries.TestGraphQLQueries" name="test_query_body" time="0.002" /><testcase classname="tests.auth.test_graphql_queries.TestGraphQLQueries" name="test_query_hash" time="0.003" /><testcase classname="tests.auth.test_graphql_queries.TestGraphQLQueries" name="test_query" time="0.002" /><testcase classname="tests.auth.test_nso.TestNSO" name="test_new_instance" time="0.001" /><testcase classname="tests.auth.test_nso.TestNSO" name="test_generate_version" time="0.001" /><testcase classname="tests.auth.test_nso.TestNSO" name="test_version_property" time="0.001" /><testcase classname="tests.auth.test_nso.TestNSO" name="test_generate_new_state" time="0.002" /><testcase classname="tests.auth.test_nso.TestNSO" name="test_state_property" time="0.001" /><testcase classname="tests.auth.test_nso.TestNSO" name="test_generate_new_verifier" time="0.001" /><testcase classname="tests.auth.test_nso.TestNSO" name="test_verifier_property" time="0.001" /><testcase classname="tests.auth.test_nso.TestNSO" name="test_session_token" time="0.001" /><testcase classname="tests.auth.test_nso.TestNSO" name="test_login_url" time="0.001" /><testcase classname="tests.auth.test_nso.TestNSO" name="test_get_session_token" time="0.001" /><testcase classname="tests.auth.test_nso.TestNSO" name="test_get_user_access_token" time="0.001" /><testcase classname="tests.auth.test_nso.TestNSO" name="test_user_info" time="0.001" /><testcase classname="tests.auth.test_nso.TestNSO" name="test_get_ftoken[step1_coral]" time="0.112" /><testcase classname="tests.auth.test_nso.TestNSO" name="test_get_ftoken[step1]" time="0.073" /><testcase classname="tests.auth.test_nso.TestNSO" name="test_get_ftoken[step2_coral]" time="0.234" /><testcase classname="tests.auth.test_nso.TestNSO" name="test_get_ftoken[step2]" time="0.070" /><testcase classname="tests.auth.test_nso.TestNSO" name="test_get_web_service_access_token" time="0.001" /><testcase classname="tests.auth.test_nso.TestNSO" name="test_g_token_generation_phase_1" time="0.005" /><testcase classname="tests.auth.test_nso.TestNSO" name="test_g_token_generation_phase_2" time="0.002" /><testcase classname="tests.auth.test_nso.TestNSO" name="test_get_gtoken[url_provided]" time="0.004" /><testcase classname="tests.auth.test_nso.TestNSO" name="test_get_gtoken[url_not_provided]" time="0.004" /><testcase classname="tests.auth.test_nso.TestNSO" name="test_get_bullet_token" time="0.002" /><testcase classname="tests.auth.test_nso.TestNSO" name="test_set_new_f_token_function" time="0.001" /><testcase classname="tests.auth.tokens.test_constructor.TestConstructor" name="test_from_session_token[with_nso]" time="0.006" /><testcase classname="tests.auth.tokens.test_constructor.TestConstructor" name="test_from_session_token[without_nso]" time="0.008" /><testcase classname="tests.auth.tokens.test_constructor.TestConstructor" name="test_from_tokens[with_bullet_token-with_gtoken]" time="0.032" /><testcase classname="tests.auth.tokens.test_constructor.TestConstructor" name="test_from_tokens[with_bullet_token-without_gtoken]" time="0.009" /><testcase classname="tests.auth.tokens.test_constructor.TestConstructor" name="test_from_tokens[without_bullet_token-with_gtoken]" time="0.010" /><testcase classname="tests.auth.tokens.test_constructor.TestConstructor" name="test_from_tokens[without_bullet_token-without_gtoken]" time="0.009" /><testcase classname="tests.auth.tokens.test_constructor.TestConstructor" name="test_from_env[with_env_manager]" time="0.008" /><testcase classname="tests.auth.tokens.test_constructor.TestConstructor" name="test_from_env[without_env_manager]" time="0.009" /><testcase classname="tests.auth.tokens.test_keychain.TestTokenKeychain" name="test_init" time="0.001" /><testcase classname="tests.auth.tokens.test_keychain.TestTokenKeychain" name="test_from_dict" time="0.001" /><testcase classname="tests.auth.tokens.test_keychain.TestTokenKeychain" name="test_from_list" time="0.001" /><testcase classname="tests.auth.tokens.test_keychain.TestTokenKeychain" name="test_to_dict" time="0.001" /><testcase classname="tests.auth.tokens.test_keychain.TestTokenKeychain" name="test_get" time="0.001" /><testcase classname="tests.auth.tokens.test_keychain.TestTokenKeychain" name="test_generate_token" time="0.012" /><testcase classname="tests.auth.tokens.test_keychain.TestTokenKeychain" name="test_add_token[timestamp-token_name-full_token]" time="0.012" /><testcase classname="tests.auth.tokens.test_keychain.TestTokenKeychain" name="test_add_token[timestamp-token_name-from_values]" time="0.011" /><testcase classname="tests.auth.tokens.test_keychain.TestTokenKeychain" name="test_add_token[timestamp-no_token_name-full_token]" time="0.011" /><testcase classname="tests.auth.tokens.test_keychain.TestTokenKeychain" name="test_add_token[timestamp-no_token_name-from_values]" time="0.001" /><testcase classname="tests.auth.tokens.test_keychain.TestTokenKeychain" name="test_add_token[no_timestamp-token_name-full_token]" time="0.011" /><testcase classname="tests.auth.tokens.test_keychain.TestTokenKeychain" name="test_add_token[no_timestamp-token_name-from_values]" time="0.011" /><testcase classname="tests.auth.tokens.test_keychain.TestTokenKeychain" name="test_add_token[no_timestamp-no_token_name-full_token]" time="0.011" /><testcase classname="tests.auth.tokens.test_keychain.TestTokenKeychain" name="test_add_token[no_timestamp-no_token_name-from_values]" time="0.001" /><testcase classname="tests.auth.tokens.test_manager.TestTokenManager" name="test_init[with_origin_data-with_origin-with_env_manager-single_url-with_nso]" time="0.010" /><testcase classname="tests.auth.tokens.test_manager.TestTokenManager" name="test_init[with_origin_data-with_origin-with_env_manager-single_url-with_nso_no_session]" time="0.005" /><testcase classname="tests.auth.tokens.test_manager.TestTokenManager" name="test_init[with_origin_data-with_origin-with_env_manager-single_url-without_nso]" time="0.010" /><testcase classname="tests.auth.tokens.test_manager.TestTokenManager" name="test_init[with_origin_data-with_origin-with_env_manager-multiple_urls-with_nso]" time="0.010" /><testcase classname="tests.auth.tokens.test_manager.TestTokenManager" name="test_init[with_origin_data-with_origin-with_env_manager-multiple_urls-with_nso_no_session]" time="0.005" /><testcase classname="tests.auth.tokens.test_manager.TestTokenManager" name="test_init[with_origin_data-with_origin-with_env_manager-multiple_urls-without_nso]" time="0.010" /><testcase classname="tests.auth.tokens.test_manager.TestTokenManager" name="test_init[with_origin_data-with_origin-without_env_manager-single_url-with_nso]" time="0.009" /><testcase classname="tests.auth.tokens.test_manager.TestTokenManager" name="test_init[with_origin_data-with_origin-without_env_manager-single_url-with_nso_no_session]" time="0.005" /><testcase classname="tests.auth.tokens.test_manager.TestTokenManager" name="test_init[with_origin_data-with_origin-without_env_manager-single_url-without_nso]" time="0.010" /><testcase classname="tests.auth.tokens.test_manager.TestTokenManager" name="test_init[with_origin_data-with_origin-without_env_manager-multiple_urls-with_nso]" time="0.009" /><testcase classname="tests.auth.tokens.test_manager.TestTokenManager" name="test_init[with_origin_data-with_origin-without_env_manager-multiple_urls-with_nso_no_session]" time="0.005" /><testcase classname="tests.auth.tokens.test_manager.TestTokenManager" name="test_init[with_origin_data-with_origin-without_env_manager-multiple_urls-without_nso]" time="0.010" /><testcase classname="tests.auth.tokens.test_manager.TestTokenManager" name="test_init[with_origin_data-without_origin-with_env_manager-single_url-with_nso]" time="0.010" /><testcase classname="tests.auth.tokens.test_manager.TestTokenManager" name="test_init[with_origin_data-without_origin-with_env_manager-single_url-with_nso_no_session]" time="0.005" /><testcase classname="tests.auth.tokens.test_manager.TestTokenManager" name="test_init[with_origin_data-without_origin-with_env_manager-single_url-without_nso]" time="0.010" /><testcase classname="tests.auth.tokens.test_manager.TestTokenManager" name="test_init[with_origin_data-without_origin-with_env_manager-multiple_urls-with_nso]" time="0.010" /><testcase classname="tests.auth.tokens.test_manager.TestTokenManager" name="test_init[with_origin_data-without_origin-with_env_manager-multiple_urls-with_nso_no_session]" time="0.005" /><testcase classname="tests.auth.tokens.test_manager.TestTokenManager" name="test_init[with_origin_data-without_origin-with_env_manager-multiple_urls-without_nso]" time="0.011" /><testcase classname="tests.auth.tokens.test_manager.TestTokenManager" name="test_init[with_origin_data-without_origin-without_env_manager-single_url-with_nso]" time="0.009" /><testcase classname="tests.auth.tokens.test_manager.TestTokenManager" name="test_init[with_origin_data-without_origin-without_env_manager-single_url-with_nso_no_session]" time="0.005" /><testcase classname="tests.auth.tokens.test_manager.TestTokenManager" name="test_init[with_origin_data-without_origin-without_env_manager-single_url-without_nso]" time="0.009" /><testcase classname="tests.auth.tokens.test_manager.TestTokenManager" name="test_init[with_origin_data-without_origin-without_env_manager-multiple_urls-with_nso]" time="0.010" /><testcase classname="tests.auth.tokens.test_manager.TestTokenManager" name="test_init[with_origin_data-without_origin-without_env_manager-multiple_urls-with_nso_no_session]" time="0.005" /><testcase classname="tests.auth.tokens.test_manager.TestTokenManager" name="test_init[with_origin_data-without_origin-without_env_manager-multiple_urls-without_nso]" time="0.009" /><testcase classname="tests.auth.tokens.test_manager.TestTokenManager" name="test_init[without_origin_data-with_origin-with_env_manager-single_url-with_nso]" time="0.011" /><testcase classname="tests.auth.tokens.test_manager.TestTokenManager" name="test_init[without_origin_data-with_origin-with_env_manager-single_url-with_nso_no_session]" time="0.005" /><testcase classname="tests.auth.tokens.test_manager.TestTokenManager" name="test_init[without_origin_data-with_origin-with_env_manager-single_url-without_nso]" time="0.009" /><testcase classname="tests.auth.tokens.test_manager.TestTokenManager" name="test_init[without_origin_data-with_origin-with_env_manager-multiple_urls-with_nso]" time="0.041" /><testcase classname="tests.auth.tokens.test_manager.TestTokenManager" name="test_init[without_origin_data-with_origin-with_env_manager-multiple_urls-with_nso_no_session]" time="0.005" /><testcase classname="tests.auth.tokens.test_manager.TestTokenManager" name="test_init[without_origin_data-with_origin-with_env_manager-multiple_urls-without_nso]" time="0.009" /><testcase classname="tests.auth.tokens.test_manager.TestTokenManager" name="test_init[without_origin_data-with_origin-without_env_manager-single_url-with_nso]" time="0.010" /><testcase classname="tests.auth.tokens.test_manager.TestTokenManager" name="test_init[without_origin_data-with_origin-without_env_manager-single_url-with_nso_no_session]" time="0.005" /><testcase classname="tests.auth.tokens.test_manager.TestTokenManager" name="test_init[without_origin_data-with_origin-without_env_manager-single_url-without_nso]" time="0.009" /><testcase classname="tests.auth.tokens.test_manager.TestTokenManager" name="test_init[without_origin_data-with_origin-without_env_manager-multiple_urls-with_nso]" time="0.009" /><testcase classname="tests.auth.tokens.test_manager.TestTokenManager" name="test_init[without_origin_data-with_origin-without_env_manager-multiple_urls-with_nso_no_session]" time="0.006" /><testcase classname="tests.auth.tokens.test_manager.TestTokenManager" name="test_init[without_origin_data-with_origin-without_env_manager-multiple_urls-without_nso]" time="0.009" /><testcase classname="tests.auth.tokens.test_manager.TestTokenManager" name="test_init[without_origin_data-without_origin-with_env_manager-single_url-with_nso]" time="0.010" /><testcase classname="tests.auth.tokens.test_manager.TestTokenManager" name="test_init[without_origin_data-without_origin-with_env_manager-single_url-with_nso_no_session]" time="0.006" /><testcase classname="tests.auth.tokens.test_manager.TestTokenManager" name="test_init[without_origin_data-without_origin-with_env_manager-single_url-without_nso]" time="0.010" /><testcase classname="tests.auth.tokens.test_manager.TestTokenManager" name="test_init[without_origin_data-without_origin-with_env_manager-multiple_urls-with_nso]" time="0.010" /><testcase classname="tests.auth.tokens.test_manager.TestTokenManager" name="test_init[without_origin_data-without_origin-with_env_manager-multiple_urls-with_nso_no_session]" time="0.005" /><testcase classname="tests.auth.tokens.test_manager.TestTokenManager" name="test_init[without_origin_data-without_origin-with_env_manager-multiple_urls-without_nso]" time="0.011" /><testcase classname="tests.auth.tokens.test_manager.TestTokenManager" name="test_init[without_origin_data-without_origin-without_env_manager-single_url-with_nso]" time="0.009" /><testcase classname="tests.auth.tokens.test_manager.TestTokenManager" name="test_init[without_origin_data-without_origin-without_env_manager-single_url-with_nso_no_session]" time="0.005" /><testcase classname="tests.auth.tokens.test_manager.TestTokenManager" name="test_init[without_origin_data-without_origin-without_env_manager-single_url-without_nso]" time="0.010" /><testcase classname="tests.auth.tokens.test_manager.TestTokenManager" name="test_init[without_origin_data-without_origin-without_env_manager-multiple_urls-with_nso]" time="0.009" /><testcase classname="tests.auth.tokens.test_manager.TestTokenManager" name="test_init[without_origin_data-without_origin-without_env_manager-multiple_urls-with_nso_no_session]" time="0.005" /><testcase classname="tests.auth.tokens.test_manager.TestTokenManager" name="test_init[without_origin_data-without_origin-without_env_manager-multiple_urls-without_nso]" time="0.010" /><testcase classname="tests.auth.tokens.test_manager.TestTokenManager" name="test_flag_origin" time="0.007" /><testcase classname="tests.auth.tokens.test_manager.TestTokenManager" name="test_add_token[raise_exception-session_token]" time="0.008" /><testcase classname="tests.auth.tokens.test_manager.TestTokenManager" name="test_add_token[raise_exception-gtoken]" time="0.009" /><testcase classname="tests.auth.tokens.test_manager.TestTokenManager" name="test_add_token[raise_exception-bullet_token]" time="0.008" /><testcase classname="tests.auth.tokens.test_manager.TestTokenManager" name="test_add_token[no_exception-session_token]" time="0.010" /><testcase classname="tests.auth.tokens.test_manager.TestTokenManager" name="test_add_token[no_exception-gtoken]" time="0.011" /><testcase classname="tests.auth.tokens.test_manager.TestTokenManager" name="test_add_token[no_exception-bullet_token]" time="0.010" /><testcase classname="tests.auth.tokens.test_manager.TestTokenManager" name="test_get_token[raise_exception]" time="0.008" /><testcase classname="tests.auth.tokens.test_manager.TestTokenManager" name="test_get_token[no_exception]" time="0.010" /><testcase classname="tests.auth.tokens.test_manager.TestTokenManager" name="test_regenerate_tokens" time="0.008" /><testcase classname="tests.auth.tokens.test_regenerator.TestTokenRegenerator" name="test_generate_gtoken[first_pass]" time="0.014" /><testcase classname="tests.auth.tokens.test_regenerator.TestTokenRegenerator" name="test_generate_gtoken[second_pass]" time="0.013" /><testcase classname="tests.auth.tokens.test_regenerator.TestTokenRegenerator" name="test_generate_gtoken[third_pass]" time="0.014" /><testcase classname="tests.auth.tokens.test_regenerator.TestTokenRegenerator" name="test_generate_gtoken[fourth_pass]" time="0.013" /><testcase classname="tests.auth.tokens.test_regenerator.TestTokenRegenerator" name="test_generate_gtoken[fail]" time="0.013" /><testcase classname="tests.auth.tokens.test_regenerator.TestTokenRegenerator" name="test_generate_bullet_token[with_gtoken]" time="0.014" /><testcase classname="tests.auth.tokens.test_regenerator.TestTokenRegenerator" name="test_generate_bullet_token[without_gtoken]" time="0.014" /><testcase classname="tests.auth.tokens.test_regenerator.TestTokenRegenerator" name="test_generate_all_tokens" time="0.003" /><testcase classname="tests.auth.tokens.test_regenerator.TestTokenRegenerator" name="test_validate_tokens[valid_response-valid_bullet-valid_gtoken]" time="0.008" /><testcase classname="tests.auth.tokens.test_regenerator.TestTokenRegenerator" name="test_validate_tokens[valid_response-valid_bullet-invalid_gtoken]" time="0.045" /><testcase classname="tests.auth.tokens.test_regenerator.TestTokenRegenerator" name="test_validate_tokens[valid_response-invalid_bullet-valid_gtoken]" time="0.008" /><testcase classname="tests.auth.tokens.test_regenerator.TestTokenRegenerator" name="test_validate_tokens[valid_response-invalid_bullet-invalid_gtoken]" time="0.008" /><testcase classname="tests.auth.tokens.test_regenerator.TestTokenRegenerator" name="test_validate_tokens[invalid_response-valid_bullet-valid_gtoken]" time="0.009" /><testcase classname="tests.auth.tokens.test_regenerator.TestTokenRegenerator" name="test_validate_tokens[invalid_response-valid_bullet-invalid_gtoken]" time="0.008" /><testcase classname="tests.auth.tokens.test_regenerator.TestTokenRegenerator" name="test_validate_tokens[invalid_response-invalid_bullet-valid_gtoken]" time="0.008" /><testcase classname="tests.auth.tokens.test_regenerator.TestTokenRegenerator" name="test_validate_tokens[invalid_response-invalid_bullet-invalid_gtoken]" time="0.009" /><testcase classname="tests.auth.tokens.test_tokens.TestToken" name="test_new_token" time="0.012" /><testcase classname="tests.auth.tokens.test_tokens.TestToken" name="test_properties" time="0.012" /><testcase classname="tests.auth.tokens.test_tokens.TestToken" name="test_repr" time="0.011" /><testcase classname="tests.query.test_json_parser.TestLinearJSON" name="test_init" time="0.003" /><testcase classname="tests.query.test_json_parser.TestLinearJSON" name="test_from_json" time="0.002" /><testcase classname="tests.query.test_json_parser.TestLinearJSON" name="test_delinearize" time="0.002" /><testcase classname="tests.query.test_json_parser.TestLinearJSON" name="test_eq" time="0.001" /><testcase classname="tests.query.test_json_parser.TestLinearJSON" name="test__validate" time="0.001" /><testcase classname="tests.query.test_json_parser.TestLinearJSON" name="test_standardize_new_header" time="0.001" /><testcase classname="tests.query.test_json_parser.TestLinearJSON" name="test_merge_headers" time="0.001" /><testcase classname="tests.query.test_json_parser.TestLinearJSON" name="test_append" time="0.001" /><testcase classname="tests.query.test_json_parser.TestLinearJSON" name="test_transpose" time="0.001" /><testcase classname="tests.query.test_json_parser.TestLinearJSON" name="test_stringify" time="0.001" /><testcase classname="tests.query.test_json_parser.TestLinearJSON" name="test_remove_columns" time="0.002" /><testcase classname="tests.query.test_json_parser.TestLinearJSON" name="test_remove_url_columns" time="0.002" /><testcase classname="tests.query.test_json_parser.TestJSONParser" name="test_init" time="0.001" /><testcase classname="tests.query.test_json_parser.TestJSONParser" name="test_len" time="0.001" /><testcase classname="tests.query.test_json_parser.TestJSONParser" name="test_eq" time="0.001" /><testcase classname="tests.query.test_json_parser.TestJSONParser" name="test_repr" time="0.001" /><testcase classname="tests.query.test_json_parser.TestJSONParser" name="test_to_linear_json" time="0.001" /><testcase classname="tests.query.test_json_parser.TestJSONParser" name="test_remove_columns" time="0.001" /><testcase classname="tests.query.test_json_parser.TestJSONParser" name="test_remove_url_columns" time="0.001" /><testcase classname="tests.query.test_json_parser.TestJSONParser" name="test_to_csv" time="0.016" /><testcase classname="tests.query.test_json_parser.TestJSONParser" name="test_to_json" time="0.013" /><testcase classname="tests.query.test_json_parser.TestJSONParser" name="test_to_gzipped_json" time="0.007" /><testcase classname="tests.query.test_json_parser.TestJSONParser" name="test_to_parquet" time="0.027" /><testcase classname="tests.query.test_json_parser.TestJSONParser" name="test_from_csv" time="0.001" /><testcase classname="tests.query.test_json_parser.TestJSONParser" name="test_automatic_type_conversion" time="0.001" /><testcase classname="tests.query.test_json_parser.TestJSONParser" name="test_from_json" time="0.006" /><testcase classname="tests.query.test_json_parser.TestJSONParser" name="test_from_gzipped_json" time="0.008" /><testcase classname="tests.query.test_query_response.TestQueryResponse" name="test_init_metadata[NQ-NT-NV]" time="0.002" /><testcase classname="tests.query.test_query_response.TestQueryResponse" name="test_init_metadata[NQ-NT-V]" time="0.002" /><testcase classname="tests.query.test_query_response.TestQueryResponse" name="test_init_metadata[NQ-T-NV]" time="0.002" /><testcase classname="tests.query.test_query_response.TestQueryResponse" name="test_init_metadata[NQ-T-V]" time="0.001" /><testcase classname="tests.query.test_query_response.TestQueryResponse" name="test_init_metadata[Q-NT-NV]" time="0.002" /><testcase classname="tests.query.test_query_response.TestQueryResponse" name="test_init_metadata[Q-NT-V]" time="0.002" /><testcase classname="tests.query.test_query_response.TestQueryResponse" name="test_init_metadata[Q-T-NV]" time="0.001" /><testcase classname="tests.query.test_query_response.TestQueryResponse" name="test_init_metadata[Q-T-V]" time="0.001" /><testcase classname="tests.query.test_query_response.TestQueryResponse" name="test_parse_json" time="0.001" /><testcase classname="tests.query.test_query_response.TestQueryResponse" name="test_repr[MF-NT-NQ]" time="0.002" /><testcase classname="tests.query.test_query_response.TestQueryResponse" name="test_repr[MF-NT-Q]" time="0.002" /><testcase classname="tests.query.test_query_response.TestQueryResponse" name="test_repr[MF-NT-LQ]" time="0.002" /><testcase classname="tests.query.test_query_response.TestQueryResponse" name="test_repr[MF-T-NQ]" time="0.002" /><testcase classname="tests.query.test_query_response.TestQueryResponse" name="test_repr[MF-T-Q]" time="0.002" /><testcase classname="tests.query.test_query_response.TestQueryResponse" name="test_repr[MF-T-LQ]" time="0.002" /><testcase classname="tests.query.test_query_response.TestQueryResponse" name="test_repr[NF-NT-NQ]" time="0.002" /><testcase classname="tests.query.test_query_response.TestQueryResponse" name="test_repr[NF-NT-Q]" time="0.002" /><testcase classname="tests.query.test_query_response.TestQueryResponse" name="test_repr[NF-NT-LQ]" time="0.002" /><testcase classname="tests.query.test_query_response.TestQueryResponse" name="test_repr[NF-T-NQ]" time="0.002" /><testcase classname="tests.query.test_query_response.TestQueryResponse" name="test_repr[NF-T-Q]" time="0.002" /><testcase classname="tests.query.test_query_response.TestQueryResponse" name="test_repr[NF-T-LQ]" time="0.002" /><testcase classname="tests.query.test_query_response.TestQueryResponse" name="test_eq[ND-NM2-NM1]" time="0.001" /><testcase classname="tests.query.test_query_response.TestQueryResponse" name="test_eq[ND-NM2-M1]" time="0.001" /><testcase classname="tests.query.test_query_response.TestQueryResponse" name="test_eq[ND-M2-NM1]" time="0.001" /><testcase classname="tests.query.test_query_response.TestQueryResponse" name="test_eq[ND-M2-M1]" time="0.001" /><testcase classname="tests.query.test_query_response.TestQueryResponse" name="test_eq[D-NM2-NM1]" time="0.001" /><testcase classname="tests.query.test_query_response.TestQueryResponse" name="test_eq[D-NM2-M1]" time="0.001" /><testcase classname="tests.query.test_query_response.TestQueryResponse" name="test_eq[D-M2-NM1]" time="0.001" /><testcase classname="tests.query.test_query_response.TestQueryResponse" name="test_eq[D-M2-M1]" time="0.001" /><testcase classname="tests.query.test_query_response.TestQueryResponse" name="test_getitem" time="0.001" /><testcase classname="tests.query.test_query_response.TestQueryResponse" name="test_keys[D]" time="0.001" /><testcase classname="tests.query.test_query_response.TestQueryResponse" name="test_keys[L]" time="0.001" /><testcase classname="tests.query.test_query_response.TestQueryResponse" name="test_values" time="0.001" /><testcase classname="tests.query.test_query_response.TestQueryResponse" name="test_items" time="0.001" /><testcase classname="tests.query.test_query_response.TestQueryResponse" name="test_iter" time="0.001" /><testcase classname="tests.query.test_query_response.TestQueryResponse" name="test_show" time="0.002" /><testcase classname="tests.query.test_query_response.TestQueryResponse" name="test_get" time="0.001" /><testcase classname="tests.query.test_query_response.TestQueryResponse" name="test_match_partial_path[nested_list]" time="0.002" /><testcase classname="tests.query.test_query_response.TestQueryResponse" name="test_match_partial_path[deep_nested_list]" time="0.002" /><testcase classname="tests.query.test_query_response.TestQueryResponse" name="test_match_partial_path[list_of_paths]" time="0.002" /><testcase classname="tests.query.test_query_response.TestQueryResponse" name="test_match_partial_path_args" time="0.001" /><testcase classname="tests.query.test_query_response.TestQueryResponse" name="test_match_partial_path_error" time="0.001" /><testcase classname="tests.query.test_query_response.TestQueryResponse" name="test_apply[nested_list]" time="0.002" /><testcase classname="tests.query.test_query_response.TestQueryResponse" name="test_apply[nested_list_partial_false]" time="0.002" /><testcase classname="tests.query.test_query_response.TestQueryResponse" name="test_apply[deep_nested_list]" time="0.002" /><testcase classname="tests.query.test_query_response.TestQueryResponse" name="test_apply[list_of_paths]" time="0.002" /><testcase classname="tests.query.test_query_response.TestQueryResponse" name="test_apply[list_of_paths_partial_false]" time="0.002" /><testcase classname="tests.query.test_query_response.TestQueryResponse" name="test_apply_reduce[nested_list]" time="0.002" /><testcase classname="tests.query.test_query_response.TestQueryResponse" name="test_apply_reduce[nested_list_single_apply_result]" time="0.002" /><testcase classname="tests.query.test_query_response.TestQueryResponse" name="test_apply_reduce[deep_nested_list]" time="0.002" /><testcase classname="tests.query.test_query_response.TestQueryResponse" name="test_apply_reduce[list_of_paths]" time="0.002" /><testcase classname="tests.query.test_query_response.TestQueryResponse" name="test_apply_reduce[list_of_paths_partial_false]" time="0.002" /><testcase classname="tests.query.test_query_response.TestQueryResponse" name="test_get_partial_path[nested_list]" time="0.002" /><testcase classname="tests.query.test_query_response.TestQueryResponse" name="test_get_partial_path[nested_list_single_value]" time="0.002" /><testcase classname="tests.query.test_query_response.TestQueryResponse" name="test_get_partial_path[deep_nested_list]" time="0.002" /><testcase classname="tests.query.test_query_response.TestQueryResponse" name="test_get_partial_path[list_of_paths]" time="0.002" /><testcase classname="tests.query.test_query_response.TestQueryResponse" name="test_get_partial_path[list_of_paths_from_root]" time="0.002" /><testcase classname="tests.query.test_query_response.TestQueryResponse" name="test_get_partial_path[list_of_paths_no_kwarg]" time="0.002" /><testcase classname="tests.query.test_query_response.TestQueryResponse" name="test_get_partial_path[list_of_paths_unpack]" time="0.002" /><testcase classname="tests.query.test_query_response.TestQueryResponse" name="test_get_partial_path[list_of_paths_unpack_false]" time="0.002" /><testcase classname="tests.query.test_query_response.TestQueryResponse" name="test_to_json" time="0.007" /><testcase classname="tests.query.test_query_response.TestQueryResponse" name="test_to_gzipped_json" time="0.007" /><testcase classname="tests.query.test_queryhandler.TestSplatNetQueryHandler" name="test_init" time="0.002" /><testcase classname="tests.query.test_queryhandler.TestSplatNetQueryHandler" name="test_from_config_file" time="0.003" /><testcase classname="tests.query.test_queryhandler.TestSplatNetQueryHandler" name="test_from_tokens" time="0.005" /><testcase classname="tests.query.test_queryhandler.TestSplatNetQueryHandler" name="test_from_session_token" time="0.004" /><testcase classname="tests.query.test_queryhandler.TestSplatNetQueryHandler" name="test_new_instance" time="0.003" /><testcase classname="tests.query.test_queryhandler.TestSplatNetQueryHandler" name="test_from_s3s_config" time="0.003" /><testcase classname="tests.query.test_queryhandler.TestSplatNetQueryHandler" name="test_raw_query[with_language]" time="0.004" /><testcase classname="tests.query.test_queryhandler.TestSplatNetQueryHandler" name="test_raw_query[without_language]" time="0.004" /><testcase classname="tests.query.test_queryhandler.TestSplatNetQueryHandler" name="test_raw_query_hash[with_language]" time="0.006" /><testcase classname="tests.query.test_queryhandler.TestSplatNetQueryHandler" name="test_raw_query_hash[without_language]" time="0.004" /><testcase classname="tests.query.test_queryhandler.TestSplatNetQueryHandler" name="test_query_hash[Valid]" time="0.006" /><testcase classname="tests.query.test_queryhandler.TestSplatNetQueryHandler" name="test_query_hash[Valid with error]" time="0.006" /><testcase classname="tests.query.test_queryhandler.TestSplatNetQueryHandler" name="test_query_hash[Invalid]" time="0.007" /><testcase classname="tests.query.test_queryhandler.TestSplatNetQueryHandler" name="test_query[Valid]" time="0.008" /><testcase classname="tests.query.test_queryhandler.TestSplatNetQueryHandler" name="test_query[Valid with error]" time="0.005" /><testcase classname="tests.query.test_queryhandler.TestSplatNetQueryHandler" name="test_query[Invalid]" time="0.008" /><testcase classname="tests.query.configuration.test_callbacks.TestCallbacks" name="test_session_token_callback[valid]" time="0.001" /><testcase classname="tests.query.configuration.test_callbacks.TestCallbacks" name="test_session_token_callback[invalid]" time="0.001" /><testcase classname="tests.query.configuration.test_callbacks.TestCallbacks" name="test_f_token_url_callback[valid]" time="0.001" /><testcase classname="tests.query.configuration.test_callbacks.TestCallbacks" name="test_f_token_url_callback[valid comma separated]" time="0.001" /><testcase classname="tests.query.configuration.test_callbacks.TestCallbacks" name="test_f_token_url_callback[valid whitespace comma separated]" time="0.001" /><testcase classname="tests.query.configuration.test_callbacks.TestCallbacks" name="test_f_token_url_callback[valid list]" time="0.001" /><testcase classname="tests.query.configuration.test_callbacks.TestCallbacks" name="test_f_token_url_callback[invalid]" time="0.001" /><testcase classname="tests.query.configuration.test_callbacks.TestCallbacks" name="test_log_level_callback[CRITICAL]" time="0.001" /><testcase classname="tests.query.configuration.test_callbacks.TestCallbacks" name="test_log_level_callback[ERROR]" time="0.001" /><testcase classname="tests.query.configuration.test_callbacks.TestCallbacks" name="test_log_level_callback[WARNING]" time="0.001" /><testcase classname="tests.query.configuration.test_callbacks.TestCallbacks" name="test_log_level_callback[INFO]" time="0.001" /><testcase classname="tests.query.configuration.test_callbacks.TestCallbacks" name="test_log_level_callback[DEBUG]" time="0.001" /><testcase classname="tests.query.configuration.test_callbacks.TestCallbacks" name="test_log_level_callback[lowercase]" time="0.001" /><testcase classname="tests.query.configuration.test_callbacks.TestCallbacks" name="test_log_level_callback[default]" time="0.001" /><testcase classname="tests.query.configuration.test_callbacks.TestCallbacks" name="test_log_level_callback[invalid]" time="0.001" /><testcase classname="tests.query.configuration.test_config.TestConfig" name="test_init" time="0.003" /><testcase classname="tests.query.configuration.test_config.TestConfig" name="test_token_manager_property" time="0.002" /><testcase classname="tests.query.configuration.test_config.TestConfig" name="test_regenerate_tokens" time="0.006" /><testcase classname="tests.query.configuration.test_config.TestConfig" name="test_token_properties[session_token]" time="0.003" /><testcase classname="tests.query.configuration.test_config.TestConfig" name="test_token_properties[gtoken]" time="0.003" /><testcase classname="tests.query.configuration.test_config.TestConfig" name="test_token_properties[bullet_token]" time="0.003" /><testcase classname="tests.query.configuration.test_config.TestConfig" name="test_get_value[value-default]" time="0.002" /><testcase classname="tests.query.configuration.test_config.TestConfig" name="test_get_value[value-no default]" time="0.002" /><testcase classname="tests.query.configuration.test_config.TestConfig" name="test_get_value[no value-default]" time="0.002" /><testcase classname="tests.query.configuration.test_config.TestConfig" name="test_get_value[no value-no default]" time="0.002" /><testcase classname="tests.query.configuration.test_config.TestConfig" name="test_set_value[normal option]" time="0.003" /><testcase classname="tests.query.configuration.test_config.TestConfig" name="test_set_value[token]" time="0.005" /><testcase classname="tests.query.configuration.test_config.TestConfig" name="test_from_empty_handler[prefix]" time="0.006" /><testcase classname="tests.query.configuration.test_config.TestConfig" name="test_from_empty_handler[no prefix]" time="0.005" /><testcase classname="tests.query.configuration.test_config.TestConfig" name="test_from_tokens[prefix]" time="0.006" /><testcase classname="tests.query.configuration.test_config.TestConfig" name="test_from_tokens[no prefix]" time="0.006" /><testcase classname="tests.query.configuration.test_config.TestConfig" name="test_from_config_handler[save to file]" time="0.005" /><testcase classname="tests.query.configuration.test_config.TestConfig" name="test_from_config_handler[no save to file]" time="0.006" /><testcase classname="tests.query.configuration.test_config.TestConfig" name="test_from_file[save to file-prefix]" time="0.006" /><testcase classname="tests.query.configuration.test_config.TestConfig" name="test_from_file[save to file-no prefix]" time="0.006" /><testcase classname="tests.query.configuration.test_config.TestConfig" name="test_from_file[no save to file-prefix]" time="0.006" /><testcase classname="tests.query.configuration.test_config.TestConfig" name="test_from_file[no save to file-no prefix]" time="0.005" /><testcase classname="tests.query.configuration.test_config.TestConfig.TestFromFileNoMock" name="test_extra_tokens" time="0.003" /><testcase classname="tests.query.configuration.test_config.TestConfig.TestFromFileNoMock" name="test_no_data" time="0.002" /><testcase classname="tests.query.configuration.test_config.TestConfig.TestFromFileNoMock" name="test_no_tokens_section" time="0.002" /><testcase classname="tests.query.configuration.test_config.TestConfig.TestFromFileNoMock" name="test_valid" time="0.002" /><testcase classname="tests.query.configuration.test_config.TestConfig.TestFromFileNoMock" name="test_valid_with_ftoken" time="0.002" /><testcase classname="tests.query.configuration.test_config.TestConfig.TestFromFileNoMock" name="test_valid_with_ftoken_list" time="0.002" /><testcase classname="tests.query.configuration.test_config.TestConfig.TestFromFileNoMock" name="test_s3s_config" time="0.002" /><testcase classname="tests.query.configuration.test_config.TestConfig.TestFromFileNoMock" name="test_env" time="0.004" /><testcase classname="tests.query.configuration.test_config.TestConfig" name="test_from_dict[prefix]" time="0.035" /><testcase classname="tests.query.configuration.test_config.TestConfig" name="test_from_dict[no prefix]" time="0.004" /><testcase classname="tests.query.configuration.test_config_option.TestConfigOption" name="test_option" time="0.001" /><testcase classname="tests.query.configuration.test_config_option.TestConfigOption" name="test_env_key" time="0.001" /><testcase classname="tests.query.configuration.test_config_option.TestConfigOption" name="test_set_value[No default-No value-No callback]" time="0.001" /><testcase classname="tests.query.configuration.test_config_option.TestConfigOption" name="test_set_value[No default-No value-With transform callback]" time="0.001" /><testcase classname="tests.query.configuration.test_config_option.TestConfigOption" name="test_set_value[No default-No value-With callback]" time="0.001" /><testcase classname="tests.query.configuration.test_config_option.TestConfigOption" name="test_set_value[No default-With value-No callback]" time="0.001" /><testcase classname="tests.query.configuration.test_config_option.TestConfigOption" name="test_set_value[No default-With value-With transform callback]" time="0.001" /><testcase classname="tests.query.configuration.test_config_option.TestConfigOption" name="test_set_value[No default-With value-With callback]" time="0.001" /><testcase classname="tests.query.configuration.test_config_option.TestConfigOption" name="test_set_value[With default-No value-No callback]" time="0.001" /><testcase classname="tests.query.configuration.test_config_option.TestConfigOption" name="test_set_value[With default-No value-With transform callback]" time="0.001" /><testcase classname="tests.query.configuration.test_config_option.TestConfigOption" name="test_set_value[With default-No value-With callback]" time="0.001" /><testcase classname="tests.query.configuration.test_config_option.TestConfigOption" name="test_set_value[With default-With value-No callback]" time="0.001" /><testcase classname="tests.query.configuration.test_config_option.TestConfigOption" name="test_set_value[With default-With value-With transform callback]" time="0.001" /><testcase classname="tests.query.configuration.test_config_option.TestConfigOption" name="test_set_value[With default-With value-With callback]" time="0.001" /><testcase classname="tests.query.configuration.test_config_option.TestConfigOption" name="test_get_value[No env var-No default-No value]" time="0.001" /><testcase classname="tests.query.configuration.test_config_option.TestConfigOption" name="test_get_value[No env var-No default-With value]" time="0.001" /><testcase classname="tests.query.configuration.test_config_option.TestConfigOption" name="test_get_value[No env var-With default-No value]" time="0.001" /><testcase classname="tests.query.configuration.test_config_option.TestConfigOption" name="test_get_value[No env var-With default-With value]" time="0.001" /><testcase classname="tests.query.configuration.test_config_option.TestConfigOption" name="test_get_value[With env var-No default-No value]" time="0.001" /><testcase classname="tests.query.configuration.test_config_option.TestConfigOption" name="test_get_value[With env var-No default-With value]" time="0.001" /><testcase classname="tests.query.configuration.test_config_option.TestConfigOption" name="test_get_value[With env var-With default-No value]" time="0.001" /><testcase classname="tests.query.configuration.test_config_option.TestConfigOption" name="test_get_value[With env var-With default-With value]" time="0.001" /><testcase classname="tests.query.configuration.test_config_option.TestConfigOption" name="test_set_prefix" time="0.001" /><testcase classname="tests.query.configuration.test_config_option_handler.TestConfigOptionHandler" name="test_init" time="0.003" /><testcase classname="tests.query.configuration.test_config_option_handler.TestConfigOptionHandler" name="test_build_option_reference" time="0.002" /><testcase classname="tests.query.configuration.test_config_option_handler.TestConfigOptionHandler" name="test_assign_prefix" time="0.002" /><testcase classname="tests.query.configuration.test_config_option_handler.TestConfigOptionHandler" name="test_OPTIONS" time="0.003" /><testcase classname="tests.query.configuration.test_config_option_handler.TestConfigOptionHandler" name="test_SUPPORTED_OPTIONS" time="0.005" /><testcase classname="tests.query.configuration.test_config_option_handler.TestConfigOptionHandler" name="test_SECTIONS" time="0.024" /><testcase classname="tests.query.configuration.test_config_option_handler.TestConfigOptionHandler" name="test_tokens_property" time="0.002" /><testcase classname="tests.query.configuration.test_config_option_handler.TestConfigOptionHandler" name="test_add_options[prefix-ConfigOption]" time="0.004" /><testcase classname="tests.query.configuration.test_config_option_handler.TestConfigOptionHandler" name="test_add_options[prefix-list[ConfigOption]]" time="0.004" /><testcase classname="tests.query.configuration.test_config_option_handler.TestConfigOptionHandler" name="test_add_options[no prefix-ConfigOption]" time="0.004" /><testcase classname="tests.query.configuration.test_config_option_handler.TestConfigOptionHandler" name="test_add_options[no prefix-list[ConfigOption]]" time="0.004" /><testcase classname="tests.query.configuration.test_config_option_handler.TestConfigOptionHandler" name="test_get_option" time="0.002" /><testcase classname="tests.query.configuration.test_config_option_handler.TestConfigOptionHandler" name="test_get_value" time="0.002" /><testcase classname="tests.query.configuration.test_config_option_handler.TestConfigOptionHandler" name="test_set_value" time="0.003" /><testcase classname="tests.query.configuration.test_config_option_handler.TestConfigOptionHandler" name="test_get_section" time="0.024" /><testcase classname="tests.query.configuration.test_config_option_handler.TestConfigOptionHandler" name="test_read_from_configparser" time="0.006" /><testcase classname="tests.query.configuration.test_config_option_handler.TestConfigOptionHandler" name="test_read_from_dict" time="0.002" /><testcase classname="tests.query.configuration.test_config_option_handler.TestConfigOptionHandler" name="test_save_to_configparser" time="0.004" /><testcase classname="tests.scraper.test_main.TestSplatNetScraper" name="test_init" time="0.002" /><testcase classname="tests.scraper.test_main.TestSplatNetScraper" name="test_handler_property" time="0.002" /><testcase classname="tests.scraper.test_main.TestSplatNetScraper" name="test_from_methods[from_session_token]" time="0.001" /><testcase classname="tests.scraper.test_main.TestSplatNetScraper" name="test_from_methods[from_config]" time="0.001" /><testcase classname="tests.scraper.test_main.TestSplatNetScraper" name="test_from_methods[from_env]" time="0.001" /><testcase classname="tests.scraper.test_main.TestSplatNetScraper" name="test_from_methods[from_s3s_config]" time="0.001" /><testcase classname="tests.scraper.test_main.TestSplatNetScraper" name="test_from_methods[from_tokens]" time="0.001" /><testcase classname="tests.scraper.test_main.TestSplatNetScraper" name="test_query" time="0.001" /><testcase classname="tests.scraper.test_main.TestSplatNetScraper" name="test_detailed_vs_or_coop_query[coop]" time="0.002" /><testcase classname="tests.scraper.test_main.TestSplatNetScraper" name="test_detailed_vs_or_coop_query[vs]" time="0.002" /><testcase classname="tests.scraper.test_main.TestSplatNetScraper" name="test_detailed_vs_or_coop_query[valid query, not vs or coop]" time="0.002" /><testcase classname="tests.scraper.test_main.TestSplatNetScraper" name="test_detailed_vs_or_coop_query[invalid query]" time="0.002" /><testcase classname="tests.scraper.test_main.TestSplatNetScraper" name="test_detailed_vs_or_coop_limit[No progress callback-No limit-list of ids-2-5 groups, 5-10 per group-coop]" time="0.003" /><testcase classname="tests.scraper.test_main.TestSplatNetScraper" name="test_detailed_vs_or_coop_limit[No progress callback-No limit-list of ids-2-5 groups, 5-10 per group-vs]" time="0.003" /><testcase classname="tests.scraper.test_main.TestSplatNetScraper" name="test_detailed_vs_or_coop_limit[No progress callback-No limit-list of ids-3-8 groups, 10-20 per group-coop]" time="0.003" /><testcase classname="tests.scraper.test_main.TestSplatNetScraper" name="test_detailed_vs_or_coop_limit[No progress callback-No limit-list of ids-3-8 groups, 10-20 per group-vs]" time="0.004" /><testcase classname="tests.scraper.test_main.TestSplatNetScraper" name="test_detailed_vs_or_coop_limit[No progress callback-No limit-list of ids-11-13 groups, 30-50 per group-coop]" time="0.009" /><testcase classname="tests.scraper.test_main.TestSplatNetScraper" name="test_detailed_vs_or_coop_limit[No progress callback-No limit-list of ids-11-13 groups, 30-50 per group-vs]" time="0.009" /><testcase classname="tests.scraper.test_main.TestSplatNetScraper" name="test_detailed_vs_or_coop_limit[No progress callback-No limit-string-2-5 groups, 5-10 per group-coop]" time="0.003" /><testcase classname="tests.scraper.test_main.TestSplatNetScraper" name="test_detailed_vs_or_coop_limit[No progress callback-No limit-string-2-5 groups, 5-10 per group-vs]" time="0.003" /><testcase classname="tests.scraper.test_main.TestSplatNetScraper" name="test_detailed_vs_or_coop_limit[No progress callback-No limit-string-3-8 groups, 10-20 per group-coop]" time="0.003" /><testcase classname="tests.scraper.test_main.TestSplatNetScraper" name="test_detailed_vs_or_coop_limit[No progress callback-No limit-string-3-8 groups, 10-20 per group-vs]" time="0.003" /><testcase classname="tests.scraper.test_main.TestSplatNetScraper" name="test_detailed_vs_or_coop_limit[No progress callback-No limit-string-11-13 groups, 30-50 per group-coop]" time="0.004" /><testcase classname="tests.scraper.test_main.TestSplatNetScraper" name="test_detailed_vs_or_coop_limit[No progress callback-No limit-string-11-13 groups, 30-50 per group-vs]" time="0.004" /><testcase classname="tests.scraper.test_main.TestSplatNetScraper" name="test_detailed_vs_or_coop_limit[No progress callback-No limit-None-2-5 groups, 5-10 per group-coop]" time="0.003" /><testcase classname="tests.scraper.test_main.TestSplatNetScraper" name="test_detailed_vs_or_coop_limit[No progress callback-No limit-None-2-5 groups, 5-10 per group-vs]" time="0.003" /><testcase classname="tests.scraper.test_main.TestSplatNetScraper" name="test_detailed_vs_or_coop_limit[No progress callback-No limit-None-3-8 groups, 10-20 per group-coop]" time="0.003" /><testcase classname="tests.scraper.test_main.TestSplatNetScraper" name="test_detailed_vs_or_coop_limit[No progress callback-No limit-None-3-8 groups, 10-20 per group-vs]" time="0.003" /><testcase classname="tests.scraper.test_main.TestSplatNetScraper" name="test_detailed_vs_or_coop_limit[No progress callback-No limit-None-11-13 groups, 30-50 per group-coop]" time="0.008" /><testcase classname="tests.scraper.test_main.TestSplatNetScraper" name="test_detailed_vs_or_coop_limit[No progress callback-No limit-None-11-13 groups, 30-50 per group-vs]" time="0.008" /><testcase classname="tests.scraper.test_main.TestSplatNetScraper" name="test_detailed_vs_or_coop_limit[No progress callback-Random limit-list of ids-2-5 groups, 5-10 per group-coop]" time="0.002" /><testcase classname="tests.scraper.test_main.TestSplatNetScraper" name="test_detailed_vs_or_coop_limit[No progress callback-Random limit-list of ids-2-5 groups, 5-10 per group-vs]" time="0.002" /><testcase classname="tests.scraper.test_main.TestSplatNetScraper" name="test_detailed_vs_or_coop_limit[No progress callback-Random limit-list of ids-3-8 groups, 10-20 per group-coop]" time="0.003" /><testcase classname="tests.scraper.test_main.TestSplatNetScraper" name="test_detailed_vs_or_coop_limit[No progress callback-Random limit-list of ids-3-8 groups, 10-20 per group-vs]" time="0.002" /><testcase classname="tests.scraper.test_main.TestSplatNetScraper" name="test_detailed_vs_or_coop_limit[No progress callback-Random limit-list of ids-11-13 groups, 30-50 per group-coop]" time="0.003" /><testcase classname="tests.scraper.test_main.TestSplatNetScraper" name="test_detailed_vs_or_coop_limit[No progress callback-Random limit-list of ids-11-13 groups, 30-50 per group-vs]" time="0.003" /><testcase classname="tests.scraper.test_main.TestSplatNetScraper" name="test_detailed_vs_or_coop_limit[No progress callback-Random limit-string-2-5 groups, 5-10 per group-coop]" time="0.002" /><testcase classname="tests.scraper.test_main.TestSplatNetScraper" name="test_detailed_vs_or_coop_limit[No progress callback-Random limit-string-2-5 groups, 5-10 per group-vs]" time="0.002" /><testcase classname="tests.scraper.test_main.TestSplatNetScraper" name="test_detailed_vs_or_coop_limit[No progress callback-Random limit-string-3-8 groups, 10-20 per group-coop]" time="0.003" /><testcase classname="tests.scraper.test_main.TestSplatNetScraper" name="test_detailed_vs_or_coop_limit[No progress callback-Random limit-string-3-8 groups, 10-20 per group-vs]" time="0.002" /><testcase classname="tests.scraper.test_main.TestSplatNetScraper" name="test_detailed_vs_or_coop_limit[No progress callback-Random limit-string-11-13 groups, 30-50 per group-coop]" time="0.003" /><testcase classname="tests.scraper.test_main.TestSplatNetScraper" name="test_detailed_vs_or_coop_limit[No progress callback-Random limit-string-11-13 groups, 30-50 per group-vs]" time="0.003" /><testcase classname="tests.scraper.test_main.TestSplatNetScraper" name="test_detailed_vs_or_coop_limit[No progress callback-Random limit-None-2-5 groups, 5-10 per group-coop]" time="0.002" /><testcase classname="tests.scraper.test_main.TestSplatNetScraper" name="test_detailed_vs_or_coop_limit[No progress callback-Random limit-None-2-5 groups, 5-10 per group-vs]" time="0.002" /><testcase classname="tests.scraper.test_main.TestSplatNetScraper" name="test_detailed_vs_or_coop_limit[No progress callback-Random limit-None-3-8 groups, 10-20 per group-coop]" time="0.003" /><testcase classname="tests.scraper.test_main.TestSplatNetScraper" name="test_detailed_vs_or_coop_limit[No progress callback-Random limit-None-3-8 groups, 10-20 per group-vs]" time="0.002" /><testcase classname="tests.scraper.test_main.TestSplatNetScraper" name="test_detailed_vs_or_coop_limit[No progress callback-Random limit-None-11-13 groups, 30-50 per group-coop]" time="0.003" /><testcase classname="tests.scraper.test_main.TestSplatNetScraper" name="test_detailed_vs_or_coop_limit[No progress callback-Random limit-None-11-13 groups, 30-50 per group-vs]" time="0.003" /><testcase classname="tests.scraper.test_main.TestSplatNetScraper" name="test_detailed_vs_or_coop_limit[No progress callback-Minus one limit-list of ids-2-5 groups, 5-10 per group-coop]" time="0.003" /><testcase classname="tests.scraper.test_main.TestSplatNetScraper" name="test_detailed_vs_or_coop_limit[No progress callback-Minus one limit-list of ids-2-5 groups, 5-10 per group-vs]" time="0.003" /><testcase classname="tests.scraper.test_main.TestSplatNetScraper" name="test_detailed_vs_or_coop_limit[No progress callback-Minus one limit-list of ids-3-8 groups, 10-20 per group-coop]" time="0.003" /><testcase classname="tests.scraper.test_main.TestSplatNetScraper" name="test_detailed_vs_or_coop_limit[No progress callback-Minus one limit-list of ids-3-8 groups, 10-20 per group-vs]" time="0.003" /><testcase classname="tests.scraper.test_main.TestSplatNetScraper" name="test_detailed_vs_or_coop_limit[No progress callback-Minus one limit-list of ids-11-13 groups, 30-50 per group-coop]" time="0.009" /><testcase classname="tests.scraper.test_main.TestSplatNetScraper" name="test_detailed_vs_or_coop_limit[No progress callback-Minus one limit-list of ids-11-13 groups, 30-50 per group-vs]" time="0.009" /><testcase classname="tests.scraper.test_main.TestSplatNetScraper" name="test_detailed_vs_or_coop_limit[No progress callback-Minus one limit-string-2-5 groups, 5-10 per group-coop]" time="0.003" /><testcase classname="tests.scraper.test_main.TestSplatNetScraper" name="test_detailed_vs_or_coop_limit[No progress callback-Minus one limit-string-2-5 groups, 5-10 per group-vs]" time="0.003" /><testcase classname="tests.scraper.test_main.TestSplatNetScraper" name="test_detailed_vs_or_coop_limit[No progress callback-Minus one limit-string-3-8 groups, 10-20 per group-coop]" time="0.003" /><testcase classname="tests.scraper.test_main.TestSplatNetScraper" name="test_detailed_vs_or_coop_limit[No progress callback-Minus one limit-string-3-8 groups, 10-20 per group-vs]" time="0.003" /><testcase classname="tests.scraper.test_main.TestSplatNetScraper" name="test_detailed_vs_or_coop_limit[No progress callback-Minus one limit-string-11-13 groups, 30-50 per group-coop]" time="0.004" /><testcase classname="tests.scraper.test_main.TestSplatNetScraper" name="test_detailed_vs_or_coop_limit[No progress callback-Minus one limit-string-11-13 groups, 30-50 per group-vs]" time="0.004" /><testcase classname="tests.scraper.test_main.TestSplatNetScraper" name="test_detailed_vs_or_coop_limit[No progress callback-Minus one limit-None-2-5 groups, 5-10 per group-coop]" time="0.003" /><testcase classname="tests.scraper.test_main.TestSplatNetScraper" name="test_detailed_vs_or_coop_limit[No progress callback-Minus one limit-None-2-5 groups, 5-10 per group-vs]" time="0.003" /><testcase classname="tests.scraper.test_main.TestSplatNetScraper" name="test_detailed_vs_or_coop_limit[No progress callback-Minus one limit-None-3-8 groups, 10-20 per group-coop]" time="0.004" /><testcase classname="tests.scraper.test_main.TestSplatNetScraper" name="test_detailed_vs_or_coop_limit[No progress callback-Minus one limit-None-3-8 groups, 10-20 per group-vs]" time="0.003" /><testcase classname="tests.scraper.test_main.TestSplatNetScraper" name="test_detailed_vs_or_coop_limit[No progress callback-Minus one limit-None-11-13 groups, 30-50 per group-coop]" time="0.008" /><testcase classname="tests.scraper.test_main.TestSplatNetScraper" name="test_detailed_vs_or_coop_limit[No progress callback-Minus one limit-None-11-13 groups, 30-50 per group-vs]" time="0.008" /><testcase classname="tests.scraper.test_main.TestSplatNetScraper" name="test_detailed_vs_or_coop_limit[Progress callback-No limit-list of ids-2-5 groups, 5-10 per group-coop]" time="0.004" /><testcase classname="tests.scraper.test_main.TestSplatNetScraper" name="test_detailed_vs_or_coop_limit[Progress callback-No limit-list of ids-2-5 groups, 5-10 per group-vs]" time="0.004" /><testcase classname="tests.scraper.test_main.TestSplatNetScraper" name="test_detailed_vs_or_coop_limit[Progress callback-No limit-list of ids-3-8 groups, 10-20 per group-coop]" time="0.005" /><testcase classname="tests.scraper.test_main.TestSplatNetScraper" name="test_detailed_vs_or_coop_limit[Progress callback-No limit-list of ids-3-8 groups, 10-20 per group-vs]" time="0.005" /><testcase classname="tests.scraper.test_main.TestSplatNetScraper" name="test_detailed_vs_or_coop_limit[Progress callback-No limit-list of ids-11-13 groups, 30-50 per group-coop]" time="0.018" /><testcase classname="tests.scraper.test_main.TestSplatNetScraper" name="test_detailed_vs_or_coop_limit[Progress callback-No limit-list of ids-11-13 groups, 30-50 per group-vs]" time="0.019" /><testcase classname="tests.scraper.test_main.TestSplatNetScraper" name="test_detailed_vs_or_coop_limit[Progress callback-No limit-string-2-5 groups, 5-10 per group-coop]" time="0.004" /><testcase classname="tests.scraper.test_main.TestSplatNetScraper" name="test_detailed_vs_or_coop_limit[Progress callback-No limit-string-2-5 groups, 5-10 per group-vs]" time="0.004" /><testcase classname="tests.scraper.test_main.TestSplatNetScraper" name="test_detailed_vs_or_coop_limit[Progress callback-No limit-string-3-8 groups, 10-20 per group-coop]" time="0.004" /><testcase classname="tests.scraper.test_main.TestSplatNetScraper" name="test_detailed_vs_or_coop_limit[Progress callback-No limit-string-3-8 groups, 10-20 per group-vs]" time="0.004" /><testcase classname="tests.scraper.test_main.TestSplatNetScraper" name="test_detailed_vs_or_coop_limit[Progress callback-No limit-string-11-13 groups, 30-50 per group-coop]" time="0.006" /><testcase classname="tests.scraper.test_main.TestSplatNetScraper" name="test_detailed_vs_or_coop_limit[Progress callback-No limit-string-11-13 groups, 30-50 per group-vs]" time="0.006" /><testcase classname="tests.scraper.test_main.TestSplatNetScraper" name="test_detailed_vs_or_coop_limit[Progress callback-No limit-None-2-5 groups, 5-10 per group-coop]" time="0.004" /><testcase classname="tests.scraper.test_main.TestSplatNetScraper" name="test_detailed_vs_or_coop_limit[Progress callback-No limit-None-2-5 groups, 5-10 per group-vs]" time="0.004" /><testcase classname="tests.scraper.test_main.TestSplatNetScraper" name="test_detailed_vs_or_coop_limit[Progress callback-No limit-None-3-8 groups, 10-20 per group-coop]" time="0.006" /><testcase classname="tests.scraper.test_main.TestSplatNetScraper" name="test_detailed_vs_or_coop_limit[Progress callback-No limit-None-3-8 groups, 10-20 per group-vs]" time="0.005" /><testcase classname="tests.scraper.test_main.TestSplatNetScraper" name="test_detailed_vs_or_coop_limit[Progress callback-No limit-None-11-13 groups, 30-50 per group-coop]" time="0.018" /><testcase classname="tests.scraper.test_main.TestSplatNetScraper" name="test_detailed_vs_or_coop_limit[Progress callback-No limit-None-11-13 groups, 30-50 per group-vs]" time="0.018" /><testcase classname="tests.scraper.test_main.TestSplatNetScraper" name="test_detailed_vs_or_coop_limit[Progress callback-Random limit-list of ids-2-5 groups, 5-10 per group-coop]" time="0.003" /><testcase classname="tests.scraper.test_main.TestSplatNetScraper" name="test_detailed_vs_or_coop_limit[Progress callback-Random limit-list of ids-2-5 groups, 5-10 per group-vs]" time="0.004" /><testcase classname="tests.scraper.test_main.TestSplatNetScraper" name="test_detailed_vs_or_coop_limit[Progress callback-Random limit-list of ids-3-8 groups, 10-20 per group-coop]" time="0.003" /><testcase classname="tests.scraper.test_main.TestSplatNetScraper" name="test_detailed_vs_or_coop_limit[Progress callback-Random limit-list of ids-3-8 groups, 10-20 per group-vs]" time="0.003" /><testcase classname="tests.scraper.test_main.TestSplatNetScraper" name="test_detailed_vs_or_coop_limit[Progress callback-Random limit-list of ids-11-13 groups, 30-50 per group-coop]" time="0.003" /><testcase classname="tests.scraper.test_main.TestSplatNetScraper" name="test_detailed_vs_or_coop_limit[Progress callback-Random limit-list of ids-11-13 groups, 30-50 per group-vs]" time="0.003" /><testcase classname="tests.scraper.test_main.TestSplatNetScraper" name="test_detailed_vs_or_coop_limit[Progress callback-Random limit-string-2-5 groups, 5-10 per group-coop]" time="0.003" /><testcase classname="tests.scraper.test_main.TestSplatNetScraper" name="test_detailed_vs_or_coop_limit[Progress callback-Random limit-string-2-5 groups, 5-10 per group-vs]" time="0.003" /><testcase classname="tests.scraper.test_main.TestSplatNetScraper" name="test_detailed_vs_or_coop_limit[Progress callback-Random limit-string-3-8 groups, 10-20 per group-coop]" time="0.003" /><testcase classname="tests.scraper.test_main.TestSplatNetScraper" name="test_detailed_vs_or_coop_limit[Progress callback-Random limit-string-3-8 groups, 10-20 per group-vs]" time="0.003" /><testcase classname="tests.scraper.test_main.TestSplatNetScraper" name="test_detailed_vs_or_coop_limit[Progress callback-Random limit-string-11-13 groups, 30-50 per group-coop]" time="0.003" /><testcase classname="tests.scraper.test_main.TestSplatNetScraper" name="test_detailed_vs_or_coop_limit[Progress callback-Random limit-string-11-13 groups, 30-50 per group-vs]" time="0.003" /><testcase classname="tests.scraper.test_main.TestSplatNetScraper" name="test_detailed_vs_or_coop_limit[Progress callback-Random limit-None-2-5 groups, 5-10 per group-coop]" time="0.003" /><testcase classname="tests.scraper.test_main.TestSplatNetScraper" name="test_detailed_vs_or_coop_limit[Progress callback-Random limit-None-2-5 groups, 5-10 per group-vs]" time="0.003" /><testcase classname="tests.scraper.test_main.TestSplatNetScraper" name="test_detailed_vs_or_coop_limit[Progress callback-Random limit-None-3-8 groups, 10-20 per group-coop]" time="0.003" /><testcase classname="tests.scraper.test_main.TestSplatNetScraper" name="test_detailed_vs_or_coop_limit[Progress callback-Random limit-None-3-8 groups, 10-20 per group-vs]" time="0.003" /><testcase classname="tests.scraper.test_main.TestSplatNetScraper" name="test_detailed_vs_or_coop_limit[Progress callback-Random limit-None-11-13 groups, 30-50 per group-coop]" time="0.003" /><testcase classname="tests.scraper.test_main.TestSplatNetScraper" name="test_detailed_vs_or_coop_limit[Progress callback-Random limit-None-11-13 groups, 30-50 per group-vs]" time="0.003" /><testcase classname="tests.scraper.test_main.TestSplatNetScraper" name="test_detailed_vs_or_coop_limit[Progress callback-Minus one limit-list of ids-2-5 groups, 5-10 per group-coop]" time="0.005" /><testcase classname="tests.scraper.test_main.TestSplatNetScraper" name="test_detailed_vs_or_coop_limit[Progress callback-Minus one limit-list of ids-2-5 groups, 5-10 per group-vs]" time="0.004" /><testcase classname="tests.scraper.test_main.TestSplatNetScraper" name="test_detailed_vs_or_coop_limit[Progress callback-Minus one limit-list of ids-3-8 groups, 10-20 per group-coop]" time="0.005" /><testcase classname="tests.scraper.test_main.TestSplatNetScraper" name="test_detailed_vs_or_coop_limit[Progress callback-Minus one limit-list of ids-3-8 groups, 10-20 per group-vs]" time="0.005" /><testcase classname="tests.scraper.test_main.TestSplatNetScraper" name="test_detailed_vs_or_coop_limit[Progress callback-Minus one limit-list of ids-11-13 groups, 30-50 per group-coop]" time="0.018" /><testcase classname="tests.scraper.test_main.TestSplatNetScraper" name="test_detailed_vs_or_coop_limit[Progress callback-Minus one limit-list of ids-11-13 groups, 30-50 per group-vs]" time="0.019" /><testcase classname="tests.scraper.test_main.TestSplatNetScraper" name="test_detailed_vs_or_coop_limit[Progress callback-Minus one limit-string-2-5 groups, 5-10 per group-coop]" time="0.005" /><testcase classname="tests.scraper.test_main.TestSplatNetScraper" name="test_detailed_vs_or_coop_limit[Progress callback-Minus one limit-string-2-5 groups, 5-10 per group-vs]" time="0.004" /><testcase classname="tests.scraper.test_main.TestSplatNetScraper" name="test_detailed_vs_or_coop_limit[Progress callback-Minus one limit-string-3-8 groups, 10-20 per group-coop]" time="0.047" /><testcase classname="tests.scraper.test_main.TestSplatNetScraper" name="test_detailed_vs_or_coop_limit[Progress callback-Minus one limit-string-3-8 groups, 10-20 per group-vs]" time="0.004" /><testcase classname="tests.scraper.test_main.TestSplatNetScraper" name="test_detailed_vs_or_coop_limit[Progress callback-Minus one limit-string-11-13 groups, 30-50 per group-coop]" time="0.006" /><testcase classname="tests.scraper.test_main.TestSplatNetScraper" name="test_detailed_vs_or_coop_limit[Progress callback-Minus one limit-string-11-13 groups, 30-50 per group-vs]" time="0.006" /><testcase classname="tests.scraper.test_main.TestSplatNetScraper" name="test_detailed_vs_or_coop_limit[Progress callback-Minus one limit-None-2-5 groups, 5-10 per group-coop]" time="0.004" /><testcase classname="tests.scraper.test_main.TestSplatNetScraper" name="test_detailed_vs_or_coop_limit[Progress callback-Minus one limit-None-2-5 groups, 5-10 per group-vs]" time="0.004" /><testcase classname="tests.scraper.test_main.TestSplatNetScraper" name="test_detailed_vs_or_coop_limit[Progress callback-Minus one limit-None-3-8 groups, 10-20 per group-coop]" time="0.005" /><testcase classname="tests.scraper.test_main.TestSplatNetScraper" name="test_detailed_vs_or_coop_limit[Progress callback-Minus one limit-None-3-8 groups, 10-20 per group-vs]" time="0.005" /><testcase classname="tests.scraper.test_main.TestSplatNetScraper" name="test_detailed_vs_or_coop_limit[Progress callback-Minus one limit-None-11-13 groups, 30-50 per group-coop]" time="0.019" /><testcase classname="tests.scraper.test_main.TestSplatNetScraper" name="test_detailed_vs_or_coop_limit[Progress callback-Minus one limit-None-11-13 groups, 30-50 per group-vs]" time="0.018" /><testcase classname="tests.scraper.test_main.TestSplatNetScraper" name="test_get_matches[progress callback-detail-regular]" time="0.003" /><testcase classname="tests.scraper.test_main.TestSplatNetScraper" name="test_get_matches[progress callback-detail-anarchy]" time="0.003" /><testcase classname="tests.scraper.test_main.TestSplatNetScraper" name="test_get_matches[progress callback-detail-x battle]" time="0.003" /><testcase classname="tests.scraper.test_main.TestSplatNetScraper" name="test_get_matches[progress callback-detail-private]" time="0.003" /><testcase classname="tests.scraper.test_main.TestSplatNetScraper" name="test_get_matches[progress callback-detail-salmon]" time="0.002" /><testcase classname="tests.scraper.test_main.TestSplatNetScraper" name="test_get_matches[progress callback-detail-challenge]" time="0.003" /><testcase classname="tests.scraper.test_main.TestSplatNetScraper" name="test_get_matches[progress callback-detail-not a mode]" time="0.002" /><testcase classname="tests.scraper.test_main.TestSplatNetScraper" name="test_get_matches[progress callback-no detail-regular]" time="0.003" /><testcase classname="tests.scraper.test_main.TestSplatNetScraper" name="test_get_matches[progress callback-no detail-anarchy]" time="0.002" /><testcase classname="tests.scraper.test_main.TestSplatNetScraper" name="test_get_matches[progress callback-no detail-x battle]" time="0.003" /><testcase classname="tests.scraper.test_main.TestSplatNetScraper" name="test_get_matches[progress callback-no detail-private]" time="0.002" /><testcase classname="tests.scraper.test_main.TestSplatNetScraper" name="test_get_matches[progress callback-no detail-salmon]" time="0.003" /><testcase classname="tests.scraper.test_main.TestSplatNetScraper" name="test_get_matches[progress callback-no detail-challenge]" time="0.002" /><testcase classname="tests.scraper.test_main.TestSplatNetScraper" name="test_get_matches[progress callback-no detail-not a mode]" time="0.003" /><testcase classname="tests.scraper.test_main.TestSplatNetScraper" name="test_get_matches[no progress callback-detail-regular]" time="0.002" /><testcase classname="tests.scraper.test_main.TestSplatNetScraper" name="test_get_matches[no progress callback-detail-anarchy]" time="0.003" /><testcase classname="tests.scraper.test_main.TestSplatNetScraper" name="test_get_matches[no progress callback-detail-x battle]" time="0.002" /><testcase classname="tests.scraper.test_main.TestSplatNetScraper" name="test_get_matches[no progress callback-detail-private]" time="0.003" /><testcase classname="tests.scraper.test_main.TestSplatNetScraper" name="test_get_matches[no progress callback-detail-salmon]" time="0.002" /><testcase classname="tests.scraper.test_main.TestSplatNetScraper" name="test_get_matches[no progress callback-detail-challenge]" time="0.003" /><testcase classname="tests.scraper.test_main.TestSplatNetScraper" name="test_get_matches[no progress callback-detail-not a mode]" time="0.002" /><testcase classname="tests.scraper.test_main.TestSplatNetScraper" name="test_get_matches[no progress callback-no detail-regular]" time="0.003" /><testcase classname="tests.scraper.test_main.TestSplatNetScraper" name="test_get_matches[no progress callback-no detail-anarchy]" time="0.002" /><testcase classname="tests.scraper.test_main.TestSplatNetScraper" name="test_get_matches[no progress callback-no detail-x battle]" time="0.003" /><testcase classname="tests.scraper.test_main.TestSplatNetScraper" name="test_get_matches[no progress callback-no detail-private]" time="0.002" /><testcase classname="tests.scraper.test_main.TestSplatNetScraper" name="test_get_matches[no progress callback-no detail-salmon]" time="0.003" /><testcase classname="tests.scraper.test_main.TestSplatNetScraper" name="test_get_matches[no progress callback-no detail-challenge]" time="0.002" /><testcase classname="tests.scraper.test_main.TestSplatNetScraper" name="test_get_matches[no progress callback-no detail-not a mode]" time="0.003" /><testcase classname="tests.scraper.test_query_map.TestQueryMap" name="test_get" time="0.001" /></testsuite></testsuites>