<?xml version="1.0" encoding="utf-8"?><testsuites><testsuite name="pytest" errors="0" failures="0" skipped="1" tests="106" time="0.998" timestamp="2023-02-02T01:22:17.340175" hostname="Desktop-Cesar"><testcase classname="tests.test_utils.TestRetry" name="test_success" time="0.002" /><testcase classname="tests.test_utils.TestRetry" name="test_failure" time="0.002" /><testcase classname="tests.test_utils.TestRetry" name="test_success_after_failure" time="0.001" /><testcase classname="tests.test_utils.TestRetry" name="test_multiple_exceptions" time="0.001" /><testcase classname="tests.test_utils.TestRetry" name="test_exception_not_defined" time="0.002" /><testcase classname="tests.test_utils.TestGetSplatnetWebVersion" name="test_success" time="0.001" /><testcase classname="tests.test_utils.TestGetSplatnetWebVersion" name="test_cache" time="0.001" /><testcase classname="tests.test_utils.TestLinearizeJSON" name="test_linearize_json[small]" time="0.001" /><testcase classname="tests.test_utils.TestLinearizeJSON" name="test_linearize_json[nested]" time="0.001" /><testcase classname="tests.test_utils.TestLinearizeJSON" name="test_linearize_json[list]" time="0.001" /><testcase classname="tests.test_utils.TestLinearizeJSON" name="test_linearize_json[nested_list]" time="0.001" /><testcase classname="tests.test_utils.TestLinearizeJSON" name="test_linearize_json[deep_nested]" time="0.003" /><testcase classname="tests.test_utils.TestLinearizeJSON" name="test_linearize_json[deep_nested_list]" time="0.001" /><testcase classname="tests.test_utils.TestLinearizeJSON" name="test_linearize_json[with_none]" time="0.001" /><testcase classname="tests.test_utils.TestDelinearizeJSON" name="test_delinearize_json[small]" time="0.001" /><testcase classname="tests.test_utils.TestDelinearizeJSON" name="test_delinearize_json[nested]" time="0.001" /><testcase classname="tests.test_utils.TestDelinearizeJSON" name="test_delinearize_json[list]" time="0.001" /><testcase classname="tests.test_utils.TestDelinearizeJSON" name="test_delinearize_json[nested_list]" time="0.001" /><testcase classname="tests.test_utils.TestDelinearizeJSON" name="test_delinearize_json[deep_nested]" time="0.001" /><testcase classname="tests.test_utils.TestDelinearizeJSON" name="test_delinearize_json[deep_nested_list]" time="0.001" /><testcase classname="tests.test_utils.TestDelinearizeJSON" name="test_delinearize_json[with_none]" time="0.001" /><testcase classname="tests.test_utils.TestDelinearizeJSON" name="test_delinearize_json[inserted_none]" time="0.001" /><testcase classname="tests.base.test_graphql_queries.TestGraphQLQueries" name="test_get_hashes" time="0.002" /><testcase classname="tests.base.test_graphql_queries.TestGraphQLQueries" name="test_init" time="0.001" /><testcase classname="tests.base.test_graphql_queries.TestGraphQLQueries" name="test_query_header" time="0.052" /><testcase classname="tests.base.test_graphql_queries.TestGraphQLQueries" name="test_query" time="0.055" /><testcase classname="tests.base.test_nso.TestNSO" name="test_new_instance" time="0.001" /><testcase classname="tests.base.test_nso.TestNSO" name="test_generate_version" time="0.001" /><testcase classname="tests.base.test_nso.TestNSO" name="test_version_property" time="0.001" /><testcase classname="tests.base.test_nso.TestNSO" name="test_generate_new_state" time="0.001" /><testcase classname="tests.base.test_nso.TestNSO" name="test_state_property" time="0.001" /><testcase classname="tests.base.test_nso.TestNSO" name="test_generate_new_verifier" time="0.001" /><testcase classname="tests.base.test_nso.TestNSO" name="test_verifier_property" time="0.001" /><testcase classname="tests.base.test_nso.TestNSO" name="test_session_token" time="0.001" /><testcase classname="tests.base.test_nso.TestNSO" name="test_login_url" time="0.001" /><testcase classname="tests.base.test_nso.TestNSO" name="test_get_session_token" time="0.001" /><testcase classname="tests.base.test_nso.TestNSO" name="test_get_user_access_token" time="0.001" /><testcase classname="tests.base.test_nso.TestNSO" name="test_user_info" time="0.001" /><testcase classname="tests.base.test_nso.TestNSO" name="test_get_ftoken" time="0.001" /><testcase classname="tests.base.test_nso.TestNSO" name="test_get_splatoon_token" time="0.001" /><testcase classname="tests.base.test_nso.TestNSO" name="test_f_token_generation_step_1" time="0.001" /><testcase classname="tests.base.test_nso.TestNSO" name="test_f_token_generation_step_2" time="0.001" /><testcase classname="tests.base.test_nso.TestNSO" name="test_get_gtoken" time="0.001" /><testcase classname="tests.base.test_nso.TestNSO" name="test_get_bullet_token" time="0.001" /><testcase classname="tests.base.test_token_manager.TestToken" name="test_new_token" time="0.056" /><testcase classname="tests.base.test_token_manager.TestToken" name="test_properties" time="0.006" /><testcase classname="tests.base.test_token_manager.TestToken" name="test_repr" time="0.006" /><testcase classname="tests.base.test_token_manager.TestTokenManager" name="test_init" time="0.001" /><testcase classname="tests.base.test_token_manager.TestTokenManager" name="test_add_token" time="0.021" /><testcase classname="tests.base.test_token_manager.TestTokenManager" name="test_get" time="0.001" /><testcase classname="tests.base.test_token_manager.TestTokenManager" name="test_data" time="0.001" /><testcase classname="tests.base.test_token_manager.TestTokenManager" name="test_add_session_token" time="0.001" /><testcase classname="tests.base.test_token_manager.TestTokenManager" name="test_generate_gtoken" time="0.001" /><testcase classname="tests.base.test_token_manager.TestTokenManager" name="test_generate_bullet_token" time="0.001" /><testcase classname="tests.base.test_token_manager.TestTokenManager" name="test_generate_all_tokens" time="0.001" /><testcase classname="tests.base.test_token_manager.TestTokenManager" name="test_from_session_token" time="0.001" /><testcase classname="tests.base.test_token_manager.TestTokenManager" name="test_from_config_file" time="0.002" /><testcase classname="tests.base.test_token_manager.TestTokenManager" name="test_from_text_file" time="0.007" /><testcase classname="tests.base.test_token_manager.TestTokenManager" name="test_from_env" time="0.001" /><testcase classname="tests.base.test_token_manager.TestTokenManager" name="test_load" time="0.001" /><testcase classname="tests.base.test_token_manager.TestTokenManager" name="test_save" time="0.004" /><testcase classname="tests.base.test_token_manager.TestTokenManager" name="test_token_is_valid" time="0.001" /><testcase classname="tests.base.test_token_manager.TestTokenManager" name="test_test_tokens" time="0.001" /><testcase classname="tests.scraper.test_config.TestConfig" name="test_init" time="0.003" /><testcase classname="tests.scraper.test_config.TestConfig" name="test_post_init" time="0.007" /><testcase classname="tests.scraper.test_config.TestConfig" name="test_save" time="0.008" /><testcase classname="tests.scraper.test_config.TestConfig" name="test_manage_options" time="0.001" /><testcase classname="tests.scraper.test_config.TestConfig" name="test_get" time="0.001" /><testcase classname="tests.scraper.test_json_parser.TestLinearJSON" name="test_init" time="0.002" /><testcase classname="tests.scraper.test_json_parser.TestLinearJSON" name="test_from_json" time="0.001" /><testcase classname="tests.scraper.test_json_parser.TestLinearJSON" name="test_delinearize" time="0.001" /><testcase classname="tests.scraper.test_json_parser.TestLinearJSON" name="test_eq" time="0.001" /><testcase classname="tests.scraper.test_json_parser.TestLinearJSON" name="test__validate" time="0.001" /><testcase classname="tests.scraper.test_json_parser.TestLinearJSON" name="test_standardize_new_header" time="0.001" /><testcase classname="tests.scraper.test_json_parser.TestLinearJSON" name="test_merge_headers" time="0.000" /><testcase classname="tests.scraper.test_json_parser.TestLinearJSON" name="test_append" time="0.001" /><testcase classname="tests.scraper.test_json_parser.TestLinearJSON" name="test_transpose" time="0.001" /><testcase classname="tests.scraper.test_json_parser.TestLinearJSON" name="test_stringify" time="0.001" /><testcase classname="tests.scraper.test_json_parser.TestLinearJSON" name="test_remove_columns" time="0.001" /><testcase classname="tests.scraper.test_json_parser.TestLinearJSON" name="test_remove_url_columns" time="0.001" /><testcase classname="tests.scraper.test_json_parser.TestJSONParser" name="test_init" time="0.001" /><testcase classname="tests.scraper.test_json_parser.TestJSONParser" name="test_len" time="0.001" /><testcase classname="tests.scraper.test_json_parser.TestJSONParser" name="test_eq" time="0.001" /><testcase classname="tests.scraper.test_json_parser.TestJSONParser" name="test_repr" time="0.001" /><testcase classname="tests.scraper.test_json_parser.TestJSONParser" name="test_to_linear_json" time="0.000" /><testcase classname="tests.scraper.test_json_parser.TestJSONParser" name="test_remove_columns" time="0.000" /><testcase classname="tests.scraper.test_json_parser.TestJSONParser" name="test_remove_url_columns" time="0.000" /><testcase classname="tests.scraper.test_json_parser.TestJSONParser" name="test_to_csv" time="0.003" /><testcase classname="tests.scraper.test_json_parser.TestJSONParser" name="test_to_json" time="0.005" /><testcase classname="tests.scraper.test_json_parser.TestJSONParser" name="test_to_gzipped_json" time="0.003" /><testcase classname="tests.scraper.test_json_parser.TestJSONParser" name="test_to_parquet" time="0.013" /><testcase classname="tests.scraper.test_json_parser.TestJSONParser" name="test_from_csv" time="0.001" /><testcase classname="tests.scraper.test_json_parser.TestJSONParser" name="test_automatic_type_conversion" time="0.001" /><testcase classname="tests.scraper.test_json_parser.TestJSONParser" name="test_from_json" time="0.003" /><testcase classname="tests.scraper.test_json_parser.TestJSONParser" name="test_from_gzipped_json" time="0.004" /><testcase classname="tests.scraper.test_json_parser.TestJSONParser" name="test_from_parquet" time="0.001"><skipped type="pytest.xfail" message="" /></testcase><testcase classname="tests.scraper.test_main.TestQueryMap" name="test_get" time="0.001" /><testcase classname="tests.scraper.test_main.TestSplatNet3Scraper" name="test_from_config_file" time="0.002" /><testcase classname="tests.scraper.test_main.TestSplatNet3Scraper" name="test_generate_session_token_url" time="0.001" /><testcase classname="tests.scraper.test_main.TestSplatNet3Scraper" name="test_from_session_token" time="0.002" /><testcase classname="tests.scraper.test_main.TestSplatNet3Scraper" name="test__get_query" time="0.001" /><testcase classname="tests.scraper.test_main.TestSplatNet3Scraper" name="test__get_detailed_query" time="0.002" /><testcase classname="tests.scraper.test_main.TestSplatNet3Scraper" name="test_get_mode_summary" time="0.001" /><testcase classname="tests.scraper.test_main.TestSplatNet3Scraper" name="test__vs_with_details" time="0.002" /><testcase classname="tests.scraper.test_query_response.TestQueryResponse" name="test_init" time="0.001" /><testcase classname="tests.scraper.test_query_response.TestQueryResponse" name="test_repr" time="0.001" /></testsuite></testsuites>